[0.007s] Invoking command in '/home/ohheemin/gazebo_ws/src/tm12_gazebo_moveit/build/tm12_gazebo_moveit': CMAKE_PREFIX_PATH=${CMAKE_PREFIX_PATH}:/opt/ros/humble /usr/bin/cmake --build /home/ohheemin/gazebo_ws/src/tm12_gazebo_moveit/build/tm12_gazebo_moveit -- -j24 -l24
[0.024s] -- Found ament_cmake: 1.3.12 (/opt/ros/humble/share/ament_cmake/cmake)
[0.091s] -- Found rclcpp: 16.0.15 (/opt/ros/humble/share/rclcpp/cmake)
[0.107s] -- Found rosidl_generator_c: 3.1.7 (/opt/ros/humble/share/rosidl_generator_c/cmake)
[0.108s] -- Found rosidl_adapter: 3.1.7 (/opt/ros/humble/share/rosidl_adapter/cmake)
[0.111s] -- Found rosidl_generator_cpp: 3.1.7 (/opt/ros/humble/share/rosidl_generator_cpp/cmake)
[0.116s] -- Using all available rosidl_typesupport_c: rosidl_typesupport_fastrtps_c;rosidl_typesupport_introspection_c
[0.122s] -- Using all available rosidl_typesupport_cpp: rosidl_typesupport_fastrtps_cpp;rosidl_typesupport_introspection_cpp
[0.138s] -- Found rmw_implementation_cmake: 6.1.2 (/opt/ros/humble/share/rmw_implementation_cmake/cmake)
[0.139s] -- Found rmw_fastrtps_cpp: 6.2.9 (/opt/ros/humble/share/rmw_fastrtps_cpp/cmake)
[0.210s] -- Using RMW implementation 'rmw_fastrtps_cpp' as default
[0.234s] -- Found rclcpp_lifecycle: 16.0.15 (/opt/ros/humble/share/rclcpp_lifecycle/cmake)
[0.244s] -- Found moveit_ros_planning_interface: 2.5.9 (/opt/ros/humble/share/moveit_ros_planning_interface/cmake)
[0.250s] -- Found Boost: /usr/lib/x86_64-linux-gnu/cmake/Boost-1.74.0/BoostConfig.cmake (found version "1.74.0") found components: date_time filesystem program_options system thread 
[0.327s] -- Found Boost: /usr/lib/x86_64-linux-gnu/cmake/Boost-1.74.0/BoostConfig.cmake (found version "1.74.0") found components: chrono date_time filesystem iostreams program_options regex serialization system thread 
[0.339s] -- Found parameter_traits: 0.5.0 (/opt/ros/humble/share/parameter_traits/cmake)
[0.344s] -- Found Boost: /usr/lib/x86_64-linux-gnu/cmake/Boost-1.74.0/BoostConfig.cmake (found version "1.74.0") found components: filesystem 
[0.366s] -- library: /usr/lib/x86_64-linux-gnu/libcurl.so
[0.380s] -- Ensuring Eigen3 include directory is part of orocos-kdl CMake target
[0.438s] -- Found Boost: /usr/lib/x86_64-linux-gnu/cmake/Boost-1.74.0/BoostConfig.cmake (found version "1.74.0") found components: system filesystem date_time program_options thread chrono 
[0.452s] -- Found Boost: /usr/lib/x86_64-linux-gnu/cmake/Boost-1.74.0/BoostConfig.cmake (found version "1.74.0") found components: thread system filesystem regex date_time program_options 
[0.462s] -- Found Boost: /usr/lib/x86_64-linux-gnu/cmake/Boost-1.74.0/BoostConfig.cmake (found version "1.74.0") found components: system filesystem date_time program_options thread 
[0.476s] -- Found controller_interface: 2.53.0 (/opt/ros/humble/share/controller_interface/cmake)
[0.529s] -- Configuring done
[0.546s] -- Generating done
[0.551s] -- Build files have been written to: /home/ohheemin/gazebo_ws/src/tm12_gazebo_moveit/build/tm12_gazebo_moveit
[0.573s] [35m[1mConsolidate compiler generated dependencies of target tm12_pick_and_place[0m
[0.574s] [35m[1mConsolidate compiler generated dependencies of target joint_position_example_controller[0m
[0.588s] [ 50%] Built target joint_position_example_controller
[0.591s] [ 75%] [32mBuilding CXX object CMakeFiles/tm12_pick_and_place.dir/src/tm12_pick_and_place.cpp.o[0m
[7.387s] [100%] [32m[1mLinking CXX executable tm12_pick_and_place[0m
[7.743s] [100%] Built target tm12_pick_and_place
[7.754s] Invoked command in '/home/ohheemin/gazebo_ws/src/tm12_gazebo_moveit/build/tm12_gazebo_moveit' returned '0': CMAKE_PREFIX_PATH=${CMAKE_PREFIX_PATH}:/opt/ros/humble /usr/bin/cmake --build /home/ohheemin/gazebo_ws/src/tm12_gazebo_moveit/build/tm12_gazebo_moveit -- -j24 -l24
[7.761s] Invoking command in '/home/ohheemin/gazebo_ws/src/tm12_gazebo_moveit/build/tm12_gazebo_moveit': CMAKE_PREFIX_PATH=${CMAKE_PREFIX_PATH}:/opt/ros/humble /usr/bin/cmake --install /home/ohheemin/gazebo_ws/src/tm12_gazebo_moveit/build/tm12_gazebo_moveit
[7.766s] -- Install configuration: ""
[7.766s] -- Installing: /home/ohheemin/gazebo_ws/src/tm12_gazebo_moveit/install/tm12_gazebo_moveit/lib/tm12_gazebo_moveit/tm12_pick_and_place
[7.770s] -- Set runtime path of "/home/ohheemin/gazebo_ws/src/tm12_gazebo_moveit/install/tm12_gazebo_moveit/lib/tm12_gazebo_moveit/tm12_pick_and_place" to ""
[7.770s] -- Up-to-date: /home/ohheemin/gazebo_ws/src/tm12_gazebo_moveit/install/tm12_gazebo_moveit/lib/tm12_gazebo_moveit/libjoint_position_example_controller.so
[7.771s] -- Up-to-date: /home/ohheemin/gazebo_ws/src/tm12_gazebo_moveit/install/tm12_gazebo_moveit/share/tm12_gazebo_moveit/tm_config
[7.771s] -- Up-to-date: /home/ohheemin/gazebo_ws/src/tm12_gazebo_moveit/install/tm12_gazebo_moveit/share/tm12_gazebo_moveit/tm_config/joint_limits.yaml
[7.771s] -- Up-to-date: /home/ohheemin/gazebo_ws/src/tm12_gazebo_moveit/install/tm12_gazebo_moveit/share/tm12_gazebo_moveit/tm_config/moveit_cpp.yaml
[7.771s] -- Up-to-date: /home/ohheemin/gazebo_ws/src/tm12_gazebo_moveit/install/tm12_gazebo_moveit/share/tm12_gazebo_moveit/tm_config/ompl_planning.yaml
[7.771s] -- Up-to-date: /home/ohheemin/gazebo_ws/src/tm12_gazebo_moveit/install/tm12_gazebo_moveit/share/tm12_gazebo_moveit/tm_config/controllers.yaml
[7.771s] -- Up-to-date: /home/ohheemin/gazebo_ws/src/tm12_gazebo_moveit/install/tm12_gazebo_moveit/share/tm12_gazebo_moveit/tm_config/tm12.srdf
[7.771s] -- Up-to-date: /home/ohheemin/gazebo_ws/src/tm12_gazebo_moveit/install/tm12_gazebo_moveit/share/tm12_gazebo_moveit/tm_config/trajopt_planning.yaml
[7.771s] -- Installing: /home/ohheemin/gazebo_ws/src/tm12_gazebo_moveit/install/tm12_gazebo_moveit/share/tm12_gazebo_moveit/tm_config/ros2_controllers.yaml
[7.771s] -- Up-to-date: /home/ohheemin/gazebo_ws/src/tm12_gazebo_moveit/install/tm12_gazebo_moveit/share/tm12_gazebo_moveit/tm_config/tm12.ros2_control.xacro
[7.771s] -- Installing: /home/ohheemin/gazebo_ws/src/tm12_gazebo_moveit/install/tm12_gazebo_moveit/share/tm12_gazebo_moveit/tm_config/ros2_controllers.yaml.backup
[7.771s] -- Up-to-date: /home/ohheemin/gazebo_ws/src/tm12_gazebo_moveit/install/tm12_gazebo_moveit/share/tm12_gazebo_moveit/tm_config/stomp_planning.yaml
[7.771s] -- Up-to-date: /home/ohheemin/gazebo_ws/src/tm12_gazebo_moveit/install/tm12_gazebo_moveit/share/tm12_gazebo_moveit/tm_config/sensors_3d.yaml
[7.771s] -- Up-to-date: /home/ohheemin/gazebo_ws/src/tm12_gazebo_moveit/install/tm12_gazebo_moveit/share/tm12_gazebo_moveit/tm_config/initial_positions.yaml
[7.771s] -- Up-to-date: /home/ohheemin/gazebo_ws/src/tm12_gazebo_moveit/install/tm12_gazebo_moveit/share/tm12_gazebo_moveit/tm_config/moveit.rviz
[7.771s] -- Up-to-date: /home/ohheemin/gazebo_ws/src/tm12_gazebo_moveit/install/tm12_gazebo_moveit/share/tm12_gazebo_moveit/tm_config/moveit_controllers.yaml
[7.771s] -- Up-to-date: /home/ohheemin/gazebo_ws/src/tm12_gazebo_moveit/install/tm12_gazebo_moveit/share/tm12_gazebo_moveit/tm_config/tm12.urdf.xacro
[7.771s] -- Up-to-date: /home/ohheemin/gazebo_ws/src/tm12_gazebo_moveit/install/tm12_gazebo_moveit/share/tm12_gazebo_moveit/tm_config/kinematics.yaml
[7.771s] -- Up-to-date: /home/ohheemin/gazebo_ws/src/tm12_gazebo_moveit/install/tm12_gazebo_moveit/share/tm12_gazebo_moveit/rviz2
[7.771s] -- Up-to-date: /home/ohheemin/gazebo_ws/src/tm12_gazebo_moveit/install/tm12_gazebo_moveit/share/tm12_gazebo_moveit/rviz2/tm12_moveit_config.rviz
[7.771s] -- Up-to-date: /home/ohheemin/gazebo_ws/src/tm12_gazebo_moveit/install/tm12_gazebo_moveit/share/tm12_gazebo_moveit/launch
[7.771s] -- Installing: /home/ohheemin/gazebo_ws/src/tm12_gazebo_moveit/install/tm12_gazebo_moveit/share/tm12_gazebo_moveit/launch/tm12.launch.py
[7.771s] -- Up-to-date: /home/ohheemin/gazebo_ws/src/tm12_gazebo_moveit/install/tm12_gazebo_moveit/share/tm12_gazebo_moveit/urdf
[7.771s] -- Up-to-date: /home/ohheemin/gazebo_ws/src/tm12_gazebo_moveit/install/tm12_gazebo_moveit/share/tm12_gazebo_moveit/urdf/tm12.urdf
[7.771s] -- Up-to-date: /home/ohheemin/gazebo_ws/src/tm12_gazebo_moveit/install/tm12_gazebo_moveit/share/tm12_gazebo_moveit/xacro
[7.771s] -- Up-to-date: /home/ohheemin/gazebo_ws/src/tm12_gazebo_moveit/install/tm12_gazebo_moveit/share/tm12_gazebo_moveit/xacro/macro.transmission.xacro
[7.772s] -- Installing: /home/ohheemin/gazebo_ws/src/tm12_gazebo_moveit/install/tm12_gazebo_moveit/share/tm12_gazebo_moveit/xacro/macro.tm12.urdf.xacro
[7.772s] -- Up-to-date: /home/ohheemin/gazebo_ws/src/tm12_gazebo_moveit/install/tm12_gazebo_moveit/share/tm12_gazebo_moveit/xacro/macro.inertial.xacro
[7.772s] -- Up-to-date: /home/ohheemin/gazebo_ws/src/tm12_gazebo_moveit/install/tm12_gazebo_moveit/share/tm12_gazebo_moveit/xacro/macro.gazebo.xacro
[7.772s] -- Up-to-date: /home/ohheemin/gazebo_ws/src/tm12_gazebo_moveit/install/tm12_gazebo_moveit/share/tm12_gazebo_moveit/xacro/macro.materials.xacro
[7.772s] -- Up-to-date: /home/ohheemin/gazebo_ws/src/tm12_gazebo_moveit/install/tm12_gazebo_moveit/share/tm12_gazebo_moveit/xacro/tm12.urdf.xacro
[7.772s] -- Up-to-date: /home/ohheemin/gazebo_ws/src/tm12_gazebo_moveit/install/tm12_gazebo_moveit/share/tm12_gazebo_moveit/meshes
[7.772s] -- Up-to-date: /home/ohheemin/gazebo_ws/src/tm12_gazebo_moveit/install/tm12_gazebo_moveit/share/tm12_gazebo_moveit/meshes/tm12
[7.772s] -- Up-to-date: /home/ohheemin/gazebo_ws/src/tm12_gazebo_moveit/install/tm12_gazebo_moveit/share/tm12_gazebo_moveit/meshes/tm12/collision
[7.772s] -- Up-to-date: /home/ohheemin/gazebo_ws/src/tm12_gazebo_moveit/install/tm12_gazebo_moveit/share/tm12_gazebo_moveit/meshes/tm12/collision/tm12-base_c.stl
[7.772s] -- Up-to-date: /home/ohheemin/gazebo_ws/src/tm12_gazebo_moveit/install/tm12_gazebo_moveit/share/tm12_gazebo_moveit/meshes/tm12/collision/tmr_750w_01_c.stl
[7.772s] -- Up-to-date: /home/ohheemin/gazebo_ws/src/tm12_gazebo_moveit/install/tm12_gazebo_moveit/share/tm12_gazebo_moveit/meshes/tm12/collision/tm12-arm2_c.stl
[7.772s] -- Up-to-date: /home/ohheemin/gazebo_ws/src/tm12_gazebo_moveit/install/tm12_gazebo_moveit/share/tm12_gazebo_moveit/meshes/tm12/collision/tm12-arm1_c.stl
[7.772s] -- Up-to-date: /home/ohheemin/gazebo_ws/src/tm12_gazebo_moveit/install/tm12_gazebo_moveit/share/tm12_gazebo_moveit/meshes/tm12/visual
[7.772s] -- Up-to-date: /home/ohheemin/gazebo_ws/src/tm12_gazebo_moveit/install/tm12_gazebo_moveit/share/tm12_gazebo_moveit/meshes/tm12/visual/tm12-base.obj
[7.772s] -- Up-to-date: /home/ohheemin/gazebo_ws/src/tm12_gazebo_moveit/install/tm12_gazebo_moveit/share/tm12_gazebo_moveit/meshes/tm12/visual/tm12-arm1.obj
[7.772s] -- Up-to-date: /home/ohheemin/gazebo_ws/src/tm12_gazebo_moveit/install/tm12_gazebo_moveit/share/tm12_gazebo_moveit/meshes/tm12/visual/tm12-base.mtl
[7.772s] -- Up-to-date: /home/ohheemin/gazebo_ws/src/tm12_gazebo_moveit/install/tm12_gazebo_moveit/share/tm12_gazebo_moveit/meshes/tm12/visual/tm12-base.stl
[7.772s] -- Up-to-date: /home/ohheemin/gazebo_ws/src/tm12_gazebo_moveit/install/tm12_gazebo_moveit/share/tm12_gazebo_moveit/meshes/tm12/visual/tm12-arm2.stl
[7.772s] -- Up-to-date: /home/ohheemin/gazebo_ws/src/tm12_gazebo_moveit/install/tm12_gazebo_moveit/share/tm12_gazebo_moveit/meshes/tm12/visual/tm12-arm2.obj
[7.772s] -- Up-to-date: /home/ohheemin/gazebo_ws/src/tm12_gazebo_moveit/install/tm12_gazebo_moveit/share/tm12_gazebo_moveit/meshes/tm12/visual/tmr_750w_01.stl
[7.772s] -- Up-to-date: /home/ohheemin/gazebo_ws/src/tm12_gazebo_moveit/install/tm12_gazebo_moveit/share/tm12_gazebo_moveit/meshes/tm12/visual/tm12-arm1.stl
[7.772s] -- Up-to-date: /home/ohheemin/gazebo_ws/src/tm12_gazebo_moveit/install/tm12_gazebo_moveit/share/tm12_gazebo_moveit/meshes/tm12/visual/tmr_750w_01.mtl
[7.772s] -- Up-to-date: /home/ohheemin/gazebo_ws/src/tm12_gazebo_moveit/install/tm12_gazebo_moveit/share/tm12_gazebo_moveit/meshes/tm12/visual/tmr_750w_01.obj
[7.772s] -- Up-to-date: /home/ohheemin/gazebo_ws/src/tm12_gazebo_moveit/install/tm12_gazebo_moveit/share/tm12_gazebo_moveit/meshes/tm12/visual/tm12-arm1.mtl
[7.772s] -- Up-to-date: /home/ohheemin/gazebo_ws/src/tm12_gazebo_moveit/install/tm12_gazebo_moveit/share/tm12_gazebo_moveit/meshes/tm12/visual/tm12-arm2.mtl
[7.772s] -- Up-to-date: /home/ohheemin/gazebo_ws/src/tm12_gazebo_moveit/install/tm12_gazebo_moveit/share/tm12_gazebo_moveit/meshes/tm5-900
[7.772s] -- Up-to-date: /home/ohheemin/gazebo_ws/src/tm12_gazebo_moveit/install/tm12_gazebo_moveit/share/tm12_gazebo_moveit/meshes/tm5-900/collision
[7.773s] -- Up-to-date: /home/ohheemin/gazebo_ws/src/tm12_gazebo_moveit/install/tm12_gazebo_moveit/share/tm12_gazebo_moveit/meshes/tm5-900/collision/tmr_iox_c.stl
[7.773s] -- Up-to-date: /home/ohheemin/gazebo_ws/src/tm12_gazebo_moveit/install/tm12_gazebo_moveit/share/tm12_gazebo_moveit/meshes/tm5-900/collision/tm5-900_arm2_c.stl
[7.773s] -- Up-to-date: /home/ohheemin/gazebo_ws/src/tm12_gazebo_moveit/install/tm12_gazebo_moveit/share/tm12_gazebo_moveit/meshes/tm5-900/collision/tmr_100w_01_c.stl
[7.773s] -- Up-to-date: /home/ohheemin/gazebo_ws/src/tm12_gazebo_moveit/install/tm12_gazebo_moveit/share/tm12_gazebo_moveit/meshes/tm5-900/collision/tmr_400w_01_c.stl
[7.773s] -- Up-to-date: /home/ohheemin/gazebo_ws/src/tm12_gazebo_moveit/install/tm12_gazebo_moveit/share/tm12_gazebo_moveit/meshes/tm5-900/collision/tm5-base_c.stl
[7.773s] -- Up-to-date: /home/ohheemin/gazebo_ws/src/tm12_gazebo_moveit/install/tm12_gazebo_moveit/share/tm12_gazebo_moveit/meshes/tm5-900/collision/tmr_100w_02_c.stl
[7.773s] -- Up-to-date: /home/ohheemin/gazebo_ws/src/tm12_gazebo_moveit/install/tm12_gazebo_moveit/share/tm12_gazebo_moveit/meshes/tm5-900/collision/tm5-900_arm1_c.stl
[7.773s] -- Up-to-date: /home/ohheemin/gazebo_ws/src/tm12_gazebo_moveit/install/tm12_gazebo_moveit/share/tm12_gazebo_moveit/meshes/tm5-900/collision/tmr_ee_c.stl
[7.773s] -- Up-to-date: /home/ohheemin/gazebo_ws/src/tm12_gazebo_moveit/install/tm12_gazebo_moveit/share/tm12_gazebo_moveit/meshes/tm5-900/visual
[7.773s] -- Up-to-date: /home/ohheemin/gazebo_ws/src/tm12_gazebo_moveit/install/tm12_gazebo_moveit/share/tm12_gazebo_moveit/meshes/tm5-900/visual/tm5-base.obj
[7.773s] -- Up-to-date: /home/ohheemin/gazebo_ws/src/tm12_gazebo_moveit/install/tm12_gazebo_moveit/share/tm12_gazebo_moveit/meshes/tm5-900/visual/tmr_iox.stl
[7.773s] -- Up-to-date: /home/ohheemin/gazebo_ws/src/tm12_gazebo_moveit/install/tm12_gazebo_moveit/share/tm12_gazebo_moveit/meshes/tm5-900/visual/tm5-base.mtl
[7.773s] -- Up-to-date: /home/ohheemin/gazebo_ws/src/tm12_gazebo_moveit/install/tm12_gazebo_moveit/share/tm12_gazebo_moveit/meshes/tm5-900/visual/tmr_100w_02.mtl
[7.773s] -- Up-to-date: /home/ohheemin/gazebo_ws/src/tm12_gazebo_moveit/install/tm12_gazebo_moveit/share/tm12_gazebo_moveit/meshes/tm5-900/visual/tmr_400w_01.obj
[7.773s] -- Up-to-date: /home/ohheemin/gazebo_ws/src/tm12_gazebo_moveit/install/tm12_gazebo_moveit/share/tm12_gazebo_moveit/meshes/tm5-900/visual/tmr_100w_01.obj
[7.773s] -- Up-to-date: /home/ohheemin/gazebo_ws/src/tm12_gazebo_moveit/install/tm12_gazebo_moveit/share/tm12_gazebo_moveit/meshes/tm5-900/visual/tmr_100w_02.obj
[7.773s] -- Up-to-date: /home/ohheemin/gazebo_ws/src/tm12_gazebo_moveit/install/tm12_gazebo_moveit/share/tm12_gazebo_moveit/meshes/tm5-900/visual/tmr_iox.mtl
[7.773s] -- Up-to-date: /home/ohheemin/gazebo_ws/src/tm12_gazebo_moveit/install/tm12_gazebo_moveit/share/tm12_gazebo_moveit/meshes/tm5-900/visual/tmr_iox.obj
[7.773s] -- Up-to-date: /home/ohheemin/gazebo_ws/src/tm12_gazebo_moveit/install/tm12_gazebo_moveit/share/tm12_gazebo_moveit/meshes/tm5-900/visual/tmr_400w_01.mtl
[7.773s] -- Up-to-date: /home/ohheemin/gazebo_ws/src/tm12_gazebo_moveit/install/tm12_gazebo_moveit/share/tm12_gazebo_moveit/meshes/tm5-900/visual/tm5-900_arm2.stl
[7.773s] -- Up-to-date: /home/ohheemin/gazebo_ws/src/tm12_gazebo_moveit/install/tm12_gazebo_moveit/share/tm12_gazebo_moveit/meshes/tm5-900/visual/tm5-900_arm1.stl
[7.773s] -- Up-to-date: /home/ohheemin/gazebo_ws/src/tm12_gazebo_moveit/install/tm12_gazebo_moveit/share/tm12_gazebo_moveit/meshes/tm5-900/visual/tmr_100w_01.mtl
[7.773s] -- Up-to-date: /home/ohheemin/gazebo_ws/src/tm12_gazebo_moveit/install/tm12_gazebo_moveit/share/tm12_gazebo_moveit/meshes/tm5-900/visual/tm5-900_arm1.mtl
[7.773s] -- Up-to-date: /home/ohheemin/gazebo_ws/src/tm12_gazebo_moveit/install/tm12_gazebo_moveit/share/tm12_gazebo_moveit/meshes/tm5-900/visual/tm5-900_arm2.mtl
[7.773s] -- Up-to-date: /home/ohheemin/gazebo_ws/src/tm12_gazebo_moveit/install/tm12_gazebo_moveit/share/tm12_gazebo_moveit/meshes/tm5-900/visual/tmr_ee.stl
[7.773s] -- Up-to-date: /home/ohheemin/gazebo_ws/src/tm12_gazebo_moveit/install/tm12_gazebo_moveit/share/tm12_gazebo_moveit/meshes/tm5-900/visual/tmr_400w_01.stl
[7.773s] -- Up-to-date: /home/ohheemin/gazebo_ws/src/tm12_gazebo_moveit/install/tm12_gazebo_moveit/share/tm12_gazebo_moveit/meshes/tm5-900/visual/tm5-base.stl
[7.773s] -- Up-to-date: /home/ohheemin/gazebo_ws/src/tm12_gazebo_moveit/install/tm12_gazebo_moveit/share/tm12_gazebo_moveit/meshes/tm5-900/visual/tmr_ee.mtl
[7.773s] -- Up-to-date: /home/ohheemin/gazebo_ws/src/tm12_gazebo_moveit/install/tm12_gazebo_moveit/share/tm12_gazebo_moveit/meshes/tm5-900/visual/tm5-900_arm1.obj
[7.773s] -- Up-to-date: /home/ohheemin/gazebo_ws/src/tm12_gazebo_moveit/install/tm12_gazebo_moveit/share/tm12_gazebo_moveit/meshes/tm5-900/visual/tm5-900_arm2.obj
[7.773s] -- Up-to-date: /home/ohheemin/gazebo_ws/src/tm12_gazebo_moveit/install/tm12_gazebo_moveit/share/tm12_gazebo_moveit/meshes/tm5-900/visual/tmr_100w_01.stl
[7.773s] -- Up-to-date: /home/ohheemin/gazebo_ws/src/tm12_gazebo_moveit/install/tm12_gazebo_moveit/share/tm12_gazebo_moveit/meshes/tm5-900/visual/tmr_100w_02.stl
[7.773s] -- Up-to-date: /home/ohheemin/gazebo_ws/src/tm12_gazebo_moveit/install/tm12_gazebo_moveit/share/tm12_gazebo_moveit/meshes/tm5-900/visual/tmr_ee.obj
[7.773s] -- Installing: /home/ohheemin/gazebo_ws/src/tm12_gazebo_moveit/install/tm12_gazebo_moveit/share/tm12_gazebo_moveit/arm_controllers_plugin.xml
[7.774s] -- Up-to-date: /home/ohheemin/gazebo_ws/src/tm12_gazebo_moveit/install/tm12_gazebo_moveit/share/tm12_gazebo_moveit/arm_controllers_plugin.xml
[7.774s] -- Up-to-date: /home/ohheemin/gazebo_ws/src/tm12_gazebo_moveit/install/tm12_gazebo_moveit/share/ament_index/resource_index/package_run_dependencies/tm12_gazebo_moveit
[7.774s] -- Installing: /home/ohheemin/gazebo_ws/src/tm12_gazebo_moveit/install/tm12_gazebo_moveit/share/ament_index/resource_index/parent_prefix_path/tm12_gazebo_moveit
[7.774s] -- Up-to-date: /home/ohheemin/gazebo_ws/src/tm12_gazebo_moveit/install/tm12_gazebo_moveit/share/tm12_gazebo_moveit/environment/ament_prefix_path.sh
[7.774s] -- Installing: /home/ohheemin/gazebo_ws/src/tm12_gazebo_moveit/install/tm12_gazebo_moveit/share/tm12_gazebo_moveit/environment/ament_prefix_path.dsv
[7.774s] -- Up-to-date: /home/ohheemin/gazebo_ws/src/tm12_gazebo_moveit/install/tm12_gazebo_moveit/share/tm12_gazebo_moveit/environment/path.sh
[7.774s] -- Installing: /home/ohheemin/gazebo_ws/src/tm12_gazebo_moveit/install/tm12_gazebo_moveit/share/tm12_gazebo_moveit/environment/path.dsv
[7.774s] -- Up-to-date: /home/ohheemin/gazebo_ws/src/tm12_gazebo_moveit/install/tm12_gazebo_moveit/share/tm12_gazebo_moveit/local_setup.bash
[7.774s] -- Up-to-date: /home/ohheemin/gazebo_ws/src/tm12_gazebo_moveit/install/tm12_gazebo_moveit/share/tm12_gazebo_moveit/local_setup.sh
[7.774s] -- Up-to-date: /home/ohheemin/gazebo_ws/src/tm12_gazebo_moveit/install/tm12_gazebo_moveit/share/tm12_gazebo_moveit/local_setup.zsh
[7.774s] -- Installing: /home/ohheemin/gazebo_ws/src/tm12_gazebo_moveit/install/tm12_gazebo_moveit/share/tm12_gazebo_moveit/local_setup.dsv
[7.774s] -- Installing: /home/ohheemin/gazebo_ws/src/tm12_gazebo_moveit/install/tm12_gazebo_moveit/share/tm12_gazebo_moveit/package.dsv
[7.774s] -- Up-to-date: /home/ohheemin/gazebo_ws/src/tm12_gazebo_moveit/install/tm12_gazebo_moveit/share/ament_index/resource_index/packages/tm12_gazebo_moveit
[7.774s] -- Installing: /home/ohheemin/gazebo_ws/src/tm12_gazebo_moveit/install/tm12_gazebo_moveit/share/ament_index/resource_index/controller_interface__pluginlib__plugin/tm12_gazebo_moveit
[7.774s] -- Up-to-date: /home/ohheemin/gazebo_ws/src/tm12_gazebo_moveit/install/tm12_gazebo_moveit/share/tm12_gazebo_moveit/cmake/tm12_gazebo_moveitConfig.cmake
[7.774s] -- Up-to-date: /home/ohheemin/gazebo_ws/src/tm12_gazebo_moveit/install/tm12_gazebo_moveit/share/tm12_gazebo_moveit/cmake/tm12_gazebo_moveitConfig-version.cmake
[7.774s] -- Installing: /home/ohheemin/gazebo_ws/src/tm12_gazebo_moveit/install/tm12_gazebo_moveit/share/tm12_gazebo_moveit/package.xml
[7.775s] Invoked command in '/home/ohheemin/gazebo_ws/src/tm12_gazebo_moveit/build/tm12_gazebo_moveit' returned '0': CMAKE_PREFIX_PATH=${CMAKE_PREFIX_PATH}:/opt/ros/humble /usr/bin/cmake --install /home/ohheemin/gazebo_ws/src/tm12_gazebo_moveit/build/tm12_gazebo_moveit
