[0.006s] Invoking command in '/home/ohheemin/gazebo_ws/src/tm12_gazebo_moveit/build/tm12_gazebo_moveit': CMAKE_PREFIX_PATH=${CMAKE_PREFIX_PATH}:/opt/ros/humble /usr/bin/cmake --build /home/ohheemin/gazebo_ws/src/tm12_gazebo_moveit/build/tm12_gazebo_moveit -- -j24 -l24
[0.022s] [33mCMake Warning (dev) in CMakeLists.txt:
[0.022s]   No project() command is present.  The top-level CMakeLists.txt file must
[0.022s]   contain a literal, direct call to the project() command.  Add a line of
[0.022s]   code such as
[0.022s] 
[0.022s]     project(ProjectName)
[0.022s] 
[0.022s]   near the top of the file, but after cmake_minimum_required().
[0.022s] 
[0.022s]   CMake is pretending there is a "project(Project)" command on the first
[0.022s]   line.
[0.022s] This warning is for project developers.  Use -Wno-dev to suppress it.
[0.022s] [0m
[0.024s] -- Found ament_cmake: 1.3.12 (/opt/ros/humble/share/ament_cmake/cmake)
[0.089s] -- Found rclcpp: 16.0.15 (/opt/ros/humble/share/rclcpp/cmake)
[0.089s] [33mCMake Warning (dev) at /opt/ros/humble/share/ament_cmake_core/cmake/core/normalize_path.cmake:52 (while):
[0.089s]   had incorrect arguments:
[0.089s] 
[0.089s]     "TRUE"
[0.089s] 
[0.089s]   An argument named "TRUE" appears in a conditional statement.  Policy
[0.089s]   CMP0012 is not set: if() recognizes numbers and boolean constants.  Run
[0.089s]   "cmake --help-policy CMP0012" for policy details.  Use the cmake_policy
[0.089s]   command to set the policy and suppress this warning.
[0.089s] Call Stack (most recent call first):
[0.089s]   /opt/ros/humble/share/ament_cmake_core/cmake/core/normalize_path.cmake:34 (_normalize_path__collapse_redundant)
[0.089s]   /opt/ros/humble/share/rclcpp/cmake/ament_cmake_export_include_directories-extras.cmake:13 (normalize_path)
[0.089s]   /opt/ros/humble/share/rclcpp/cmake/rclcppConfig.cmake:41 (include)
[0.089s]   CMakeLists.txt:2 (find_package)
[0.090s] This warning is for project developers.  Use -Wno-dev to suppress it.
[0.090s] [0m
[0.090s] [33mCMake Warning (dev) at /opt/ros/humble/share/ament_cmake_core/cmake/core/normalize_path.cmake:72 (while):
[0.090s]   had incorrect arguments:
[0.090s] 
[0.090s]     "TRUE"
[0.090s] 
[0.090s]   An argument named "TRUE" appears in a conditional statement.  Policy
[0.090s]   CMP0012 is not set: if() recognizes numbers and boolean constants.  Run
[0.090s]   "cmake --help-policy CMP0012" for policy details.  Use the cmake_policy
[0.090s]   command to set the policy and suppress this warning.
[0.090s] Call Stack (most recent call first):
[0.090s]   /opt/ros/humble/share/ament_cmake_core/cmake/core/normalize_path.cmake:35 (_normalize_path__collapse_uplevel_reference)
[0.090s]   /opt/ros/humble/share/rclcpp/cmake/ament_cmake_export_include_directories-extras.cmake:13 (normalize_path)
[0.090s]   /opt/ros/humble/share/rclcpp/cmake/rclcppConfig.cmake:41 (include)
[0.090s]   CMakeLists.txt:2 (find_package)
[0.090s] This warning is for project developers.  Use -Wno-dev to suppress it.
[0.090s] [0m
[0.091s] [33mCMake Warning (dev) at /opt/ros/humble/share/ament_cmake_core/cmake/core/list_append_unique.cmake:30 (if):
[0.091s]   Policy CMP0057 is not set: Support new IN_LIST if() operator.  Run "cmake
[0.091s]   --help-policy CMP0057" for policy details.  Use the cmake_policy command to
[0.091s]   set the policy and suppress this warning.
[0.091s] 
[0.091s]   IN_LIST will be interpreted as an operator when the policy is set to NEW.
[0.091s]   Since the policy is not set the OLD behavior will be used.
[0.091s] Call Stack (most recent call first):
[0.091s]   /opt/ros/humble/share/rclcpp/cmake/ament_cmake_export_dependencies-extras.cmake:34 (list_append_unique)
[0.091s]   /opt/ros/humble/share/rclcpp/cmake/rclcppConfig.cmake:41 (include)
[0.091s]   CMakeLists.txt:2 (find_package)
[0.091s] This warning is for project developers.  Use -Wno-dev to suppress it.
[0.091s] [0m
[0.091s] [31mCMake Error at /opt/ros/humble/share/ament_cmake_core/cmake/core/list_append_unique.cmake:30 (if):
[0.091s]   if given arguments:
[0.091s] 
[0.091s]     "NOT" "element" "IN_LIST" "rclcpp_INCLUDE_DIRS"
[0.091s] 
[0.091s]   Unknown arguments specified
[0.091s] Call Stack (most recent call first):
[0.091s]   /opt/ros/humble/share/rclcpp/cmake/ament_cmake_export_dependencies-extras.cmake:34 (list_append_unique)
[0.091s]   /opt/ros/humble/share/rclcpp/cmake/rclcppConfig.cmake:41 (include)
[0.091s]   CMakeLists.txt:2 (find_package)
[0.091s] 
[0.091s] [0m
[0.091s] [31mCMake Error in CMakeLists.txt:
[0.091s]   No cmake_minimum_required command is present.  A line of code such as
[0.091s] 
[0.091s]     cmake_minimum_required(VERSION 3.22)
[0.091s] 
[0.091s]   should be added at the top of the file.  The version specified may be lower
[0.091s]   if you wish to support older CMake versions for this project.  For more
[0.091s]   information run "cmake --help-policy CMP0000".
[0.091s] 
[0.091s] [0m
[0.091s] -- Configuring incomplete, errors occurred!
[0.091s] See also "/home/ohheemin/gazebo_ws/src/tm12_gazebo_moveit/build/tm12_gazebo_moveit/CMakeFiles/CMakeOutput.log".
[0.093s] gmake: *** [Makefile:308: cmake_check_build_system] 오류 1
[0.095s] Invoked command in '/home/ohheemin/gazebo_ws/src/tm12_gazebo_moveit/build/tm12_gazebo_moveit' returned '2': CMAKE_PREFIX_PATH=${CMAKE_PREFIX_PATH}:/opt/ros/humble /usr/bin/cmake --build /home/ohheemin/gazebo_ws/src/tm12_gazebo_moveit/build/tm12_gazebo_moveit -- -j24 -l24
