[0.006s] Invoking command in '/home/ohheemin/gazebo_ws/src/tm12_gazebo_moveit/build/tm12_gazebo_moveit': CMAKE_PREFIX_PATH=${CMAKE_PREFIX_PATH}:/opt/ros/humble /usr/bin/cmake --build /home/ohheemin/gazebo_ws/src/tm12_gazebo_moveit/build/tm12_gazebo_moveit -- -j24 -l24
[0.025s] -- Found ament_cmake: 1.3.12 (/opt/ros/humble/share/ament_cmake/cmake)
[0.088s] -- Found rclcpp: 16.0.15 (/opt/ros/humble/share/rclcpp/cmake)
[0.103s] -- Found rosidl_generator_c: 3.1.7 (/opt/ros/humble/share/rosidl_generator_c/cmake)
[0.104s] -- Found rosidl_adapter: 3.1.7 (/opt/ros/humble/share/rosidl_adapter/cmake)
[0.107s] -- Found rosidl_generator_cpp: 3.1.7 (/opt/ros/humble/share/rosidl_generator_cpp/cmake)
[0.111s] -- Using all available rosidl_typesupport_c: rosidl_typesupport_fastrtps_c;rosidl_typesupport_introspection_c
[0.117s] -- Using all available rosidl_typesupport_cpp: rosidl_typesupport_fastrtps_cpp;rosidl_typesupport_introspection_cpp
[0.133s] -- Found rmw_implementation_cmake: 6.1.2 (/opt/ros/humble/share/rmw_implementation_cmake/cmake)
[0.133s] -- Found rmw_fastrtps_cpp: 6.2.9 (/opt/ros/humble/share/rmw_fastrtps_cpp/cmake)
[0.202s] -- Using RMW implementation 'rmw_fastrtps_cpp' as default
[0.224s] -- Found rclcpp_lifecycle: 16.0.15 (/opt/ros/humble/share/rclcpp_lifecycle/cmake)
[0.232s] -- Found moveit_ros_planning_interface: 2.5.9 (/opt/ros/humble/share/moveit_ros_planning_interface/cmake)
[0.237s] -- Found Boost: /usr/lib/x86_64-linux-gnu/cmake/Boost-1.74.0/BoostConfig.cmake (found version "1.74.0") found components: date_time filesystem program_options system thread 
[0.312s] -- Found Boost: /usr/lib/x86_64-linux-gnu/cmake/Boost-1.74.0/BoostConfig.cmake (found version "1.74.0") found components: chrono date_time filesystem iostreams program_options regex serialization system thread 
[0.324s] -- Found parameter_traits: 0.5.0 (/opt/ros/humble/share/parameter_traits/cmake)
[0.329s] -- Found Boost: /usr/lib/x86_64-linux-gnu/cmake/Boost-1.74.0/BoostConfig.cmake (found version "1.74.0") found components: filesystem 
[0.351s] -- library: /usr/lib/x86_64-linux-gnu/libcurl.so
[0.364s] -- Ensuring Eigen3 include directory is part of orocos-kdl CMake target
[0.420s] -- Found Boost: /usr/lib/x86_64-linux-gnu/cmake/Boost-1.74.0/BoostConfig.cmake (found version "1.74.0") found components: system filesystem date_time program_options thread chrono 
[0.434s] -- Found Boost: /usr/lib/x86_64-linux-gnu/cmake/Boost-1.74.0/BoostConfig.cmake (found version "1.74.0") found components: thread system filesystem regex date_time program_options 
[0.443s] -- Found Boost: /usr/lib/x86_64-linux-gnu/cmake/Boost-1.74.0/BoostConfig.cmake (found version "1.74.0") found components: system filesystem date_time program_options thread 
[0.456s] -- Found controller_interface: 2.53.0 (/opt/ros/humble/share/controller_interface/cmake)
[0.508s] -- Configuring done
[0.524s] -- Generating done
[0.528s] -- Build files have been written to: /home/ohheemin/gazebo_ws/src/tm12_gazebo_moveit/build/tm12_gazebo_moveit
[0.550s] [35m[1mConsolidate compiler generated dependencies of target tm12_pick_and_place[0m
[0.556s] [ 25%] [32mBuilding CXX object CMakeFiles/joint_position_example_controller.dir/src/joint_position_example_controller.cpp.o[0m
[0.566s] [ 75%] Built target tm12_pick_and_place
[4.756s] [100%] [32m[1mLinking CXX executable joint_position_example_controller[0m
[4.943s] /usr/bin/ld: /usr/lib/gcc/x86_64-linux-gnu/11/../../../x86_64-linux-gnu/Scrt1.o: in function `_start':
[4.943s] (.text+0x1b): undefined reference to `main'
[4.964s] collect2: error: ld returned 1 exit status
[4.965s] gmake[2]: *** [CMakeFiles/joint_position_example_controller.dir/build.make:224: joint_position_example_controller] 오류 1
[4.965s] gmake[1]: *** [CMakeFiles/Makefile2:165: CMakeFiles/joint_position_example_controller.dir/all] 오류 2
[4.966s] gmake: *** [Makefile:146: all] 오류 2
[4.967s] Invoked command in '/home/ohheemin/gazebo_ws/src/tm12_gazebo_moveit/build/tm12_gazebo_moveit' returned '2': CMAKE_PREFIX_PATH=${CMAKE_PREFIX_PATH}:/opt/ros/humble /usr/bin/cmake --build /home/ohheemin/gazebo_ws/src/tm12_gazebo_moveit/build/tm12_gazebo_moveit -- -j24 -l24
