[ 50%] Built target joint_position_example_controller
[100%] Built target tm12_pick_and_place
-- Install configuration: ""
-- Up-to-date: /home/ohheemin/gazebo_ws/src/tm12_gazebo_moveit/install/tm12_gazebo_moveit/lib/tm12_gazebo_moveit/tm12_pick_and_place
-- Up-to-date: /home/ohheemin/gazebo_ws/src/tm12_gazebo_moveit/install/tm12_gazebo_moveit/lib/tm12_gazebo_moveit/libjoint_position_example_controller.so
-- Up-to-date: /home/ohheemin/gazebo_ws/src/tm12_gazebo_moveit/install/tm12_gazebo_moveit/share/tm12_gazebo_moveit/tm_config
-- Up-to-date: /home/ohheemin/gazebo_ws/src/tm12_gazebo_moveit/install/tm12_gazebo_moveit/share/tm12_gazebo_moveit/tm_config/joint_limits.yaml
-- Up-to-date: /home/ohheemin/gazebo_ws/src/tm12_gazebo_moveit/install/tm12_gazebo_moveit/share/tm12_gazebo_moveit/tm_config/moveit_cpp.yaml
-- Up-to-date: /home/ohheemin/gazebo_ws/src/tm12_gazebo_moveit/install/tm12_gazebo_moveit/share/tm12_gazebo_moveit/tm_config/ompl_planning.yaml
-- Up-to-date: /home/ohheemin/gazebo_ws/src/tm12_gazebo_moveit/install/tm12_gazebo_moveit/share/tm12_gazebo_moveit/tm_config/controllers.yaml
-- Up-to-date: /home/ohheemin/gazebo_ws/src/tm12_gazebo_moveit/install/tm12_gazebo_moveit/share/tm12_gazebo_moveit/tm_config/tm12.srdf
-- Up-to-date: /home/ohheemin/gazebo_ws/src/tm12_gazebo_moveit/install/tm12_gazebo_moveit/share/tm12_gazebo_moveit/tm_config/trajopt_planning.yaml
-- Up-to-date: /home/ohheemin/gazebo_ws/src/tm12_gazebo_moveit/install/tm12_gazebo_moveit/share/tm12_gazebo_moveit/tm_config/ros2_controllers.yaml
-- Up-to-date: /home/ohheemin/gazebo_ws/src/tm12_gazebo_moveit/install/tm12_gazebo_moveit/share/tm12_gazebo_moveit/tm_config/tm12.ros2_control.xacro
-- Up-to-date: /home/ohheemin/gazebo_ws/src/tm12_gazebo_moveit/install/tm12_gazebo_moveit/share/tm12_gazebo_moveit/tm_config/stomp_planning.yaml
-- Up-to-date: /home/ohheemin/gazebo_ws/src/tm12_gazebo_moveit/install/tm12_gazebo_moveit/share/tm12_gazebo_moveit/tm_config/sensors_3d.yaml
-- Up-to-date: /home/ohheemin/gazebo_ws/src/tm12_gazebo_moveit/install/tm12_gazebo_moveit/share/tm12_gazebo_moveit/tm_config/initial_positions.yaml
-- Up-to-date: /home/ohheemin/gazebo_ws/src/tm12_gazebo_moveit/install/tm12_gazebo_moveit/share/tm12_gazebo_moveit/tm_config/moveit.rviz
-- Up-to-date: /home/ohheemin/gazebo_ws/src/tm12_gazebo_moveit/install/tm12_gazebo_moveit/share/tm12_gazebo_moveit/tm_config/moveit_controllers.yaml
-- Installing: /home/ohheemin/gazebo_ws/src/tm12_gazebo_moveit/install/tm12_gazebo_moveit/share/tm12_gazebo_moveit/tm_config/tm12.urdf.xacro
-- Up-to-date: /home/ohheemin/gazebo_ws/src/tm12_gazebo_moveit/install/tm12_gazebo_moveit/share/tm12_gazebo_moveit/tm_config/kinematics.yaml
-- Up-to-date: /home/ohheemin/gazebo_ws/src/tm12_gazebo_moveit/install/tm12_gazebo_moveit/share/tm12_gazebo_moveit/tm_config/panda.urdf
-- Up-to-date: /home/ohheemin/gazebo_ws/src/tm12_gazebo_moveit/install/tm12_gazebo_moveit/share/tm12_gazebo_moveit/rviz2
-- Up-to-date: /home/ohheemin/gazebo_ws/src/tm12_gazebo_moveit/install/tm12_gazebo_moveit/share/tm12_gazebo_moveit/rviz2/tm12_moveit_config.rviz
-- Up-to-date: /home/ohheemin/gazebo_ws/src/tm12_gazebo_moveit/install/tm12_gazebo_moveit/share/tm12_gazebo_moveit/launch
-- Installing: /home/ohheemin/gazebo_ws/src/tm12_gazebo_moveit/install/tm12_gazebo_moveit/share/tm12_gazebo_moveit/launch/tm12.launch.py
-- Up-to-date: /home/ohheemin/gazebo_ws/src/tm12_gazebo_moveit/install/tm12_gazebo_moveit/share/tm12_gazebo_moveit/urdf
-- Up-to-date: /home/ohheemin/gazebo_ws/src/tm12_gazebo_moveit/install/tm12_gazebo_moveit/share/tm12_gazebo_moveit/urdf/tm12.urdf
-- Up-to-date: /home/ohheemin/gazebo_ws/src/tm12_gazebo_moveit/install/tm12_gazebo_moveit/share/tm12_gazebo_moveit/xacro
-- Up-to-date: /home/ohheemin/gazebo_ws/src/tm12_gazebo_moveit/install/tm12_gazebo_moveit/share/tm12_gazebo_moveit/xacro/macro.transmission.xacro
-- Installing: /home/ohheemin/gazebo_ws/src/tm12_gazebo_moveit/install/tm12_gazebo_moveit/share/tm12_gazebo_moveit/xacro/macro.tm12.urdf.xacro
-- Up-to-date: /home/ohheemin/gazebo_ws/src/tm12_gazebo_moveit/install/tm12_gazebo_moveit/share/tm12_gazebo_moveit/xacro/macro.inertial.xacro
-- Up-to-date: /home/ohheemin/gazebo_ws/src/tm12_gazebo_moveit/install/tm12_gazebo_moveit/share/tm12_gazebo_moveit/xacro/macro.gazebo.xacro
-- Up-to-date: /home/ohheemin/gazebo_ws/src/tm12_gazebo_moveit/install/tm12_gazebo_moveit/share/tm12_gazebo_moveit/xacro/macro.materials.xacro
-- Up-to-date: /home/ohheemin/gazebo_ws/src/tm12_gazebo_moveit/install/tm12_gazebo_moveit/share/tm12_gazebo_moveit/xacro/tm12.urdf.xacro
-- Up-to-date: /home/ohheemin/gazebo_ws/src/tm12_gazebo_moveit/install/tm12_gazebo_moveit/share/tm12_gazebo_moveit/meshes
-- Up-to-date: /home/ohheemin/gazebo_ws/src/tm12_gazebo_moveit/install/tm12_gazebo_moveit/share/tm12_gazebo_moveit/meshes/tm12
-- Up-to-date: /home/ohheemin/gazebo_ws/src/tm12_gazebo_moveit/install/tm12_gazebo_moveit/share/tm12_gazebo_moveit/meshes/tm12/collision
-- Up-to-date: /home/ohheemin/gazebo_ws/src/tm12_gazebo_moveit/install/tm12_gazebo_moveit/share/tm12_gazebo_moveit/meshes/tm12/collision/tm12-base_c.stl
-- Up-to-date: /home/ohheemin/gazebo_ws/src/tm12_gazebo_moveit/install/tm12_gazebo_moveit/share/tm12_gazebo_moveit/meshes/tm12/collision/tmr_750w_01_c.stl
-- Up-to-date: /home/ohheemin/gazebo_ws/src/tm12_gazebo_moveit/install/tm12_gazebo_moveit/share/tm12_gazebo_moveit/meshes/tm12/collision/tm12-arm2_c.stl
-- Up-to-date: /home/ohheemin/gazebo_ws/src/tm12_gazebo_moveit/install/tm12_gazebo_moveit/share/tm12_gazebo_moveit/meshes/tm12/collision/tm12-arm1_c.stl
-- Up-to-date: /home/ohheemin/gazebo_ws/src/tm12_gazebo_moveit/install/tm12_gazebo_moveit/share/tm12_gazebo_moveit/meshes/tm12/visual
-- Up-to-date: /home/ohheemin/gazebo_ws/src/tm12_gazebo_moveit/install/tm12_gazebo_moveit/share/tm12_gazebo_moveit/meshes/tm12/visual/tm12-base.obj
-- Up-to-date: /home/ohheemin/gazebo_ws/src/tm12_gazebo_moveit/install/tm12_gazebo_moveit/share/tm12_gazebo_moveit/meshes/tm12/visual/tm12-arm1.obj
-- Up-to-date: /home/ohheemin/gazebo_ws/src/tm12_gazebo_moveit/install/tm12_gazebo_moveit/share/tm12_gazebo_moveit/meshes/tm12/visual/tm12-base.mtl
-- Up-to-date: /home/ohheemin/gazebo_ws/src/tm12_gazebo_moveit/install/tm12_gazebo_moveit/share/tm12_gazebo_moveit/meshes/tm12/visual/tm12-base.stl
-- Up-to-date: /home/ohheemin/gazebo_ws/src/tm12_gazebo_moveit/install/tm12_gazebo_moveit/share/tm12_gazebo_moveit/meshes/tm12/visual/tm12-arm2.stl
-- Up-to-date: /home/ohheemin/gazebo_ws/src/tm12_gazebo_moveit/install/tm12_gazebo_moveit/share/tm12_gazebo_moveit/meshes/tm12/visual/tm12-arm2.obj
-- Up-to-date: /home/ohheemin/gazebo_ws/src/tm12_gazebo_moveit/install/tm12_gazebo_moveit/share/tm12_gazebo_moveit/meshes/tm12/visual/tmr_750w_01.stl
-- Up-to-date: /home/ohheemin/gazebo_ws/src/tm12_gazebo_moveit/install/tm12_gazebo_moveit/share/tm12_gazebo_moveit/meshes/tm12/visual/tm12-arm1.stl
-- Up-to-date: /home/ohheemin/gazebo_ws/src/tm12_gazebo_moveit/install/tm12_gazebo_moveit/share/tm12_gazebo_moveit/meshes/tm12/visual/tmr_750w_01.mtl
-- Up-to-date: /home/ohheemin/gazebo_ws/src/tm12_gazebo_moveit/install/tm12_gazebo_moveit/share/tm12_gazebo_moveit/meshes/tm12/visual/tmr_750w_01.obj
-- Up-to-date: /home/ohheemin/gazebo_ws/src/tm12_gazebo_moveit/install/tm12_gazebo_moveit/share/tm12_gazebo_moveit/meshes/tm12/visual/tm12-arm1.mtl
-- Up-to-date: /home/ohheemin/gazebo_ws/src/tm12_gazebo_moveit/install/tm12_gazebo_moveit/share/tm12_gazebo_moveit/meshes/tm12/visual/tm12-arm2.mtl
-- Installing: /home/ohheemin/gazebo_ws/src/tm12_gazebo_moveit/install/tm12_gazebo_moveit/share/tm12_gazebo_moveit/meshes/tm5-900
-- Installing: /home/ohheemin/gazebo_ws/src/tm12_gazebo_moveit/install/tm12_gazebo_moveit/share/tm12_gazebo_moveit/meshes/tm5-900/collision
-- Installing: /home/ohheemin/gazebo_ws/src/tm12_gazebo_moveit/install/tm12_gazebo_moveit/share/tm12_gazebo_moveit/meshes/tm5-900/collision/tmr_iox_c.stl
-- Installing: /home/ohheemin/gazebo_ws/src/tm12_gazebo_moveit/install/tm12_gazebo_moveit/share/tm12_gazebo_moveit/meshes/tm5-900/collision/tm5-900_arm2_c.stl
-- Installing: /home/ohheemin/gazebo_ws/src/tm12_gazebo_moveit/install/tm12_gazebo_moveit/share/tm12_gazebo_moveit/meshes/tm5-900/collision/tmr_100w_01_c.stl
-- Installing: /home/ohheemin/gazebo_ws/src/tm12_gazebo_moveit/install/tm12_gazebo_moveit/share/tm12_gazebo_moveit/meshes/tm5-900/collision/tmr_400w_01_c.stl
-- Installing: /home/ohheemin/gazebo_ws/src/tm12_gazebo_moveit/install/tm12_gazebo_moveit/share/tm12_gazebo_moveit/meshes/tm5-900/collision/tm5-base_c.stl
-- Installing: /home/ohheemin/gazebo_ws/src/tm12_gazebo_moveit/install/tm12_gazebo_moveit/share/tm12_gazebo_moveit/meshes/tm5-900/collision/tmr_100w_02_c.stl
-- Installing: /home/ohheemin/gazebo_ws/src/tm12_gazebo_moveit/install/tm12_gazebo_moveit/share/tm12_gazebo_moveit/meshes/tm5-900/collision/tm5-900_arm1_c.stl
-- Installing: /home/ohheemin/gazebo_ws/src/tm12_gazebo_moveit/install/tm12_gazebo_moveit/share/tm12_gazebo_moveit/meshes/tm5-900/collision/tmr_ee_c.stl
-- Installing: /home/ohheemin/gazebo_ws/src/tm12_gazebo_moveit/install/tm12_gazebo_moveit/share/tm12_gazebo_moveit/meshes/tm5-900/visual
-- Installing: /home/ohheemin/gazebo_ws/src/tm12_gazebo_moveit/install/tm12_gazebo_moveit/share/tm12_gazebo_moveit/meshes/tm5-900/visual/tm5-base.obj
-- Installing: /home/ohheemin/gazebo_ws/src/tm12_gazebo_moveit/install/tm12_gazebo_moveit/share/tm12_gazebo_moveit/meshes/tm5-900/visual/tmr_iox.stl
-- Installing: /home/ohheemin/gazebo_ws/src/tm12_gazebo_moveit/install/tm12_gazebo_moveit/share/tm12_gazebo_moveit/meshes/tm5-900/visual/tm5-base.mtl
-- Installing: /home/ohheemin/gazebo_ws/src/tm12_gazebo_moveit/install/tm12_gazebo_moveit/share/tm12_gazebo_moveit/meshes/tm5-900/visual/tmr_100w_02.mtl
-- Installing: /home/ohheemin/gazebo_ws/src/tm12_gazebo_moveit/install/tm12_gazebo_moveit/share/tm12_gazebo_moveit/meshes/tm5-900/visual/tmr_400w_01.obj
-- Installing: /home/ohheemin/gazebo_ws/src/tm12_gazebo_moveit/install/tm12_gazebo_moveit/share/tm12_gazebo_moveit/meshes/tm5-900/visual/tmr_100w_01.obj
-- Installing: /home/ohheemin/gazebo_ws/src/tm12_gazebo_moveit/install/tm12_gazebo_moveit/share/tm12_gazebo_moveit/meshes/tm5-900/visual/tmr_100w_02.obj
-- Installing: /home/ohheemin/gazebo_ws/src/tm12_gazebo_moveit/install/tm12_gazebo_moveit/share/tm12_gazebo_moveit/meshes/tm5-900/visual/tmr_iox.mtl
-- Installing: /home/ohheemin/gazebo_ws/src/tm12_gazebo_moveit/install/tm12_gazebo_moveit/share/tm12_gazebo_moveit/meshes/tm5-900/visual/tmr_iox.obj
-- Installing: /home/ohheemin/gazebo_ws/src/tm12_gazebo_moveit/install/tm12_gazebo_moveit/share/tm12_gazebo_moveit/meshes/tm5-900/visual/tmr_400w_01.mtl
-- Installing: /home/ohheemin/gazebo_ws/src/tm12_gazebo_moveit/install/tm12_gazebo_moveit/share/tm12_gazebo_moveit/meshes/tm5-900/visual/tm5-900_arm2.stl
-- Installing: /home/ohheemin/gazebo_ws/src/tm12_gazebo_moveit/install/tm12_gazebo_moveit/share/tm12_gazebo_moveit/meshes/tm5-900/visual/tm5-900_arm1.stl
-- Installing: /home/ohheemin/gazebo_ws/src/tm12_gazebo_moveit/install/tm12_gazebo_moveit/share/tm12_gazebo_moveit/meshes/tm5-900/visual/tmr_100w_01.mtl
-- Installing: /home/ohheemin/gazebo_ws/src/tm12_gazebo_moveit/install/tm12_gazebo_moveit/share/tm12_gazebo_moveit/meshes/tm5-900/visual/tm5-900_arm1.mtl
-- Installing: /home/ohheemin/gazebo_ws/src/tm12_gazebo_moveit/install/tm12_gazebo_moveit/share/tm12_gazebo_moveit/meshes/tm5-900/visual/tm5-900_arm2.mtl
-- Installing: /home/ohheemin/gazebo_ws/src/tm12_gazebo_moveit/install/tm12_gazebo_moveit/share/tm12_gazebo_moveit/meshes/tm5-900/visual/tmr_ee.stl
-- Installing: /home/ohheemin/gazebo_ws/src/tm12_gazebo_moveit/install/tm12_gazebo_moveit/share/tm12_gazebo_moveit/meshes/tm5-900/visual/tmr_400w_01.stl
-- Installing: /home/ohheemin/gazebo_ws/src/tm12_gazebo_moveit/install/tm12_gazebo_moveit/share/tm12_gazebo_moveit/meshes/tm5-900/visual/tm5-base.stl
-- Installing: /home/ohheemin/gazebo_ws/src/tm12_gazebo_moveit/install/tm12_gazebo_moveit/share/tm12_gazebo_moveit/meshes/tm5-900/visual/tmr_ee.mtl
-- Installing: /home/ohheemin/gazebo_ws/src/tm12_gazebo_moveit/install/tm12_gazebo_moveit/share/tm12_gazebo_moveit/meshes/tm5-900/visual/tm5-900_arm1.obj
-- Installing: /home/ohheemin/gazebo_ws/src/tm12_gazebo_moveit/install/tm12_gazebo_moveit/share/tm12_gazebo_moveit/meshes/tm5-900/visual/tm5-900_arm2.obj
-- Installing: /home/ohheemin/gazebo_ws/src/tm12_gazebo_moveit/install/tm12_gazebo_moveit/share/tm12_gazebo_moveit/meshes/tm5-900/visual/tmr_100w_01.stl
-- Installing: /home/ohheemin/gazebo_ws/src/tm12_gazebo_moveit/install/tm12_gazebo_moveit/share/tm12_gazebo_moveit/meshes/tm5-900/visual/tmr_100w_02.stl
-- Installing: /home/ohheemin/gazebo_ws/src/tm12_gazebo_moveit/install/tm12_gazebo_moveit/share/tm12_gazebo_moveit/meshes/tm5-900/visual/tmr_ee.obj
-- Up-to-date: /home/ohheemin/gazebo_ws/src/tm12_gazebo_moveit/install/tm12_gazebo_moveit/share/ament_index/resource_index/package_run_dependencies/tm12_gazebo_moveit
-- Up-to-date: /home/ohheemin/gazebo_ws/src/tm12_gazebo_moveit/install/tm12_gazebo_moveit/share/ament_index/resource_index/parent_prefix_path/tm12_gazebo_moveit
-- Up-to-date: /home/ohheemin/gazebo_ws/src/tm12_gazebo_moveit/install/tm12_gazebo_moveit/share/tm12_gazebo_moveit/environment/ament_prefix_path.sh
-- Up-to-date: /home/ohheemin/gazebo_ws/src/tm12_gazebo_moveit/install/tm12_gazebo_moveit/share/tm12_gazebo_moveit/environment/ament_prefix_path.dsv
-- Up-to-date: /home/ohheemin/gazebo_ws/src/tm12_gazebo_moveit/install/tm12_gazebo_moveit/share/tm12_gazebo_moveit/environment/path.sh
-- Up-to-date: /home/ohheemin/gazebo_ws/src/tm12_gazebo_moveit/install/tm12_gazebo_moveit/share/tm12_gazebo_moveit/environment/path.dsv
-- Up-to-date: /home/ohheemin/gazebo_ws/src/tm12_gazebo_moveit/install/tm12_gazebo_moveit/share/tm12_gazebo_moveit/local_setup.bash
-- Up-to-date: /home/ohheemin/gazebo_ws/src/tm12_gazebo_moveit/install/tm12_gazebo_moveit/share/tm12_gazebo_moveit/local_setup.sh
-- Up-to-date: /home/ohheemin/gazebo_ws/src/tm12_gazebo_moveit/install/tm12_gazebo_moveit/share/tm12_gazebo_moveit/local_setup.zsh
-- Up-to-date: /home/ohheemin/gazebo_ws/src/tm12_gazebo_moveit/install/tm12_gazebo_moveit/share/tm12_gazebo_moveit/local_setup.dsv
-- Installing: /home/ohheemin/gazebo_ws/src/tm12_gazebo_moveit/install/tm12_gazebo_moveit/share/tm12_gazebo_moveit/package.dsv
-- Up-to-date: /home/ohheemin/gazebo_ws/src/tm12_gazebo_moveit/install/tm12_gazebo_moveit/share/ament_index/resource_index/packages/tm12_gazebo_moveit
-- Up-to-date: /home/ohheemin/gazebo_ws/src/tm12_gazebo_moveit/install/tm12_gazebo_moveit/share/tm12_gazebo_moveit/cmake/tm12_gazebo_moveitConfig.cmake
-- Up-to-date: /home/ohheemin/gazebo_ws/src/tm12_gazebo_moveit/install/tm12_gazebo_moveit/share/tm12_gazebo_moveit/cmake/tm12_gazebo_moveitConfig-version.cmake
-- Up-to-date: /home/ohheemin/gazebo_ws/src/tm12_gazebo_moveit/install/tm12_gazebo_moveit/share/tm12_gazebo_moveit/package.xml
