[0.006s] Invoking command in '/home/ohheemin/gazebo_ws/src/tm12_gazebo_moveit/build/tm12_gazebo_moveit': CMAKE_PREFIX_PATH=${CMAKE_PREFIX_PATH}:/opt/ros/humble /usr/bin/cmake --build /home/ohheemin/gazebo_ws/src/tm12_gazebo_moveit/build/tm12_gazebo_moveit -- -j24 -l24
[0.047s] [ 50%] Built target joint_position_example_controller
[0.050s] [100%] Built target tm12_pick_and_place
[0.058s] Invoked command in '/home/ohheemin/gazebo_ws/src/tm12_gazebo_moveit/build/tm12_gazebo_moveit' returned '0': CMAKE_PREFIX_PATH=${CMAKE_PREFIX_PATH}:/opt/ros/humble /usr/bin/cmake --build /home/ohheemin/gazebo_ws/src/tm12_gazebo_moveit/build/tm12_gazebo_moveit -- -j24 -l24
[0.064s] Invoking command in '/home/ohheemin/gazebo_ws/src/tm12_gazebo_moveit/build/tm12_gazebo_moveit': CMAKE_PREFIX_PATH=${CMAKE_PREFIX_PATH}:/opt/ros/humble /usr/bin/cmake --install /home/ohheemin/gazebo_ws/src/tm12_gazebo_moveit/build/tm12_gazebo_moveit
[0.069s] -- Install configuration: ""
[0.070s] -- Up-to-date: /home/ohheemin/gazebo_ws/src/tm12_gazebo_moveit/install/tm12_gazebo_moveit/lib/tm12_gazebo_moveit/tm12_pick_and_place
[0.070s] -- Up-to-date: /home/ohheemin/gazebo_ws/src/tm12_gazebo_moveit/install/tm12_gazebo_moveit/lib/tm12_gazebo_moveit/libjoint_position_example_controller.so
[0.070s] -- Up-to-date: /home/ohheemin/gazebo_ws/src/tm12_gazebo_moveit/install/tm12_gazebo_moveit/share/tm12_gazebo_moveit/tm_config
[0.070s] -- Up-to-date: /home/ohheemin/gazebo_ws/src/tm12_gazebo_moveit/install/tm12_gazebo_moveit/share/tm12_gazebo_moveit/tm_config/joint_limits.yaml
[0.070s] -- Up-to-date: /home/ohheemin/gazebo_ws/src/tm12_gazebo_moveit/install/tm12_gazebo_moveit/share/tm12_gazebo_moveit/tm_config/moveit_cpp.yaml
[0.070s] -- Up-to-date: /home/ohheemin/gazebo_ws/src/tm12_gazebo_moveit/install/tm12_gazebo_moveit/share/tm12_gazebo_moveit/tm_config/ompl_planning.yaml
[0.070s] -- Up-to-date: /home/ohheemin/gazebo_ws/src/tm12_gazebo_moveit/install/tm12_gazebo_moveit/share/tm12_gazebo_moveit/tm_config/controllers.yaml
[0.070s] -- Up-to-date: /home/ohheemin/gazebo_ws/src/tm12_gazebo_moveit/install/tm12_gazebo_moveit/share/tm12_gazebo_moveit/tm_config/tm12.srdf
[0.070s] -- Up-to-date: /home/ohheemin/gazebo_ws/src/tm12_gazebo_moveit/install/tm12_gazebo_moveit/share/tm12_gazebo_moveit/tm_config/trajopt_planning.yaml
[0.070s] -- Up-to-date: /home/ohheemin/gazebo_ws/src/tm12_gazebo_moveit/install/tm12_gazebo_moveit/share/tm12_gazebo_moveit/tm_config/ros2_controllers.yaml
[0.070s] -- Up-to-date: /home/ohheemin/gazebo_ws/src/tm12_gazebo_moveit/install/tm12_gazebo_moveit/share/tm12_gazebo_moveit/tm_config/tm12.ros2_control.xacro
[0.070s] -- Up-to-date: /home/ohheemin/gazebo_ws/src/tm12_gazebo_moveit/install/tm12_gazebo_moveit/share/tm12_gazebo_moveit/tm_config/stomp_planning.yaml
[0.070s] -- Up-to-date: /home/ohheemin/gazebo_ws/src/tm12_gazebo_moveit/install/tm12_gazebo_moveit/share/tm12_gazebo_moveit/tm_config/sensors_3d.yaml
[0.070s] -- Up-to-date: /home/ohheemin/gazebo_ws/src/tm12_gazebo_moveit/install/tm12_gazebo_moveit/share/tm12_gazebo_moveit/tm_config/initial_positions.yaml
[0.070s] -- Up-to-date: /home/ohheemin/gazebo_ws/src/tm12_gazebo_moveit/install/tm12_gazebo_moveit/share/tm12_gazebo_moveit/tm_config/moveit.rviz
[0.070s] -- Up-to-date: /home/ohheemin/gazebo_ws/src/tm12_gazebo_moveit/install/tm12_gazebo_moveit/share/tm12_gazebo_moveit/tm_config/moveit_controllers.yaml
[0.070s] -- Up-to-date: /home/ohheemin/gazebo_ws/src/tm12_gazebo_moveit/install/tm12_gazebo_moveit/share/tm12_gazebo_moveit/tm_config/tm12.urdf.xacro
[0.070s] -- Up-to-date: /home/ohheemin/gazebo_ws/src/tm12_gazebo_moveit/install/tm12_gazebo_moveit/share/tm12_gazebo_moveit/tm_config/kinematics.yaml
[0.070s] -- Up-to-date: /home/ohheemin/gazebo_ws/src/tm12_gazebo_moveit/install/tm12_gazebo_moveit/share/tm12_gazebo_moveit/tm_config/panda.urdf
[0.071s] -- Up-to-date: /home/ohheemin/gazebo_ws/src/tm12_gazebo_moveit/install/tm12_gazebo_moveit/share/tm12_gazebo_moveit/rviz2
[0.071s] -- Up-to-date: /home/ohheemin/gazebo_ws/src/tm12_gazebo_moveit/install/tm12_gazebo_moveit/share/tm12_gazebo_moveit/rviz2/tm12_moveit_config.rviz
[0.071s] -- Up-to-date: /home/ohheemin/gazebo_ws/src/tm12_gazebo_moveit/install/tm12_gazebo_moveit/share/tm12_gazebo_moveit/launch
[0.071s] -- Installing: /home/ohheemin/gazebo_ws/src/tm12_gazebo_moveit/install/tm12_gazebo_moveit/share/tm12_gazebo_moveit/launch/tm12.launch.py
[0.071s] -- Up-to-date: /home/ohheemin/gazebo_ws/src/tm12_gazebo_moveit/install/tm12_gazebo_moveit/share/tm12_gazebo_moveit/urdf
[0.071s] -- Up-to-date: /home/ohheemin/gazebo_ws/src/tm12_gazebo_moveit/install/tm12_gazebo_moveit/share/tm12_gazebo_moveit/urdf/tm12.urdf
[0.071s] -- Up-to-date: /home/ohheemin/gazebo_ws/src/tm12_gazebo_moveit/install/tm12_gazebo_moveit/share/tm12_gazebo_moveit/xacro
[0.071s] -- Up-to-date: /home/ohheemin/gazebo_ws/src/tm12_gazebo_moveit/install/tm12_gazebo_moveit/share/tm12_gazebo_moveit/xacro/macro.transmission.xacro
[0.071s] -- Up-to-date: /home/ohheemin/gazebo_ws/src/tm12_gazebo_moveit/install/tm12_gazebo_moveit/share/tm12_gazebo_moveit/xacro/macro.tm12.urdf.xacro
[0.071s] -- Up-to-date: /home/ohheemin/gazebo_ws/src/tm12_gazebo_moveit/install/tm12_gazebo_moveit/share/tm12_gazebo_moveit/xacro/macro.inertial.xacro
[0.071s] -- Up-to-date: /home/ohheemin/gazebo_ws/src/tm12_gazebo_moveit/install/tm12_gazebo_moveit/share/tm12_gazebo_moveit/xacro/macro.gazebo.xacro
[0.071s] -- Up-to-date: /home/ohheemin/gazebo_ws/src/tm12_gazebo_moveit/install/tm12_gazebo_moveit/share/tm12_gazebo_moveit/xacro/macro.materials.xacro
[0.071s] -- Up-to-date: /home/ohheemin/gazebo_ws/src/tm12_gazebo_moveit/install/tm12_gazebo_moveit/share/tm12_gazebo_moveit/xacro/tm12.urdf.xacro
[0.071s] -- Up-to-date: /home/ohheemin/gazebo_ws/src/tm12_gazebo_moveit/install/tm12_gazebo_moveit/share/tm12_gazebo_moveit/meshes
[0.071s] -- Up-to-date: /home/ohheemin/gazebo_ws/src/tm12_gazebo_moveit/install/tm12_gazebo_moveit/share/tm12_gazebo_moveit/meshes/tm12
[0.071s] -- Up-to-date: /home/ohheemin/gazebo_ws/src/tm12_gazebo_moveit/install/tm12_gazebo_moveit/share/tm12_gazebo_moveit/meshes/tm12/collision
[0.071s] -- Up-to-date: /home/ohheemin/gazebo_ws/src/tm12_gazebo_moveit/install/tm12_gazebo_moveit/share/tm12_gazebo_moveit/meshes/tm12/collision/tm12-base_c.stl
[0.071s] -- Up-to-date: /home/ohheemin/gazebo_ws/src/tm12_gazebo_moveit/install/tm12_gazebo_moveit/share/tm12_gazebo_moveit/meshes/tm12/collision/tmr_750w_01_c.stl
[0.071s] -- Up-to-date: /home/ohheemin/gazebo_ws/src/tm12_gazebo_moveit/install/tm12_gazebo_moveit/share/tm12_gazebo_moveit/meshes/tm12/collision/tm12-arm2_c.stl
[0.071s] -- Up-to-date: /home/ohheemin/gazebo_ws/src/tm12_gazebo_moveit/install/tm12_gazebo_moveit/share/tm12_gazebo_moveit/meshes/tm12/collision/tm12-arm1_c.stl
[0.071s] -- Up-to-date: /home/ohheemin/gazebo_ws/src/tm12_gazebo_moveit/install/tm12_gazebo_moveit/share/tm12_gazebo_moveit/meshes/tm12/visual
[0.071s] -- Up-to-date: /home/ohheemin/gazebo_ws/src/tm12_gazebo_moveit/install/tm12_gazebo_moveit/share/tm12_gazebo_moveit/meshes/tm12/visual/tm12-base.obj
[0.071s] -- Up-to-date: /home/ohheemin/gazebo_ws/src/tm12_gazebo_moveit/install/tm12_gazebo_moveit/share/tm12_gazebo_moveit/meshes/tm12/visual/tm12-arm1.obj
[0.071s] -- Up-to-date: /home/ohheemin/gazebo_ws/src/tm12_gazebo_moveit/install/tm12_gazebo_moveit/share/tm12_gazebo_moveit/meshes/tm12/visual/tm12-base.mtl
[0.072s] -- Up-to-date: /home/ohheemin/gazebo_ws/src/tm12_gazebo_moveit/install/tm12_gazebo_moveit/share/tm12_gazebo_moveit/meshes/tm12/visual/tm12-base.stl
[0.072s] -- Up-to-date: /home/ohheemin/gazebo_ws/src/tm12_gazebo_moveit/install/tm12_gazebo_moveit/share/tm12_gazebo_moveit/meshes/tm12/visual/tm12-arm2.stl
[0.072s] -- Up-to-date: /home/ohheemin/gazebo_ws/src/tm12_gazebo_moveit/install/tm12_gazebo_moveit/share/tm12_gazebo_moveit/meshes/tm12/visual/tm12-arm2.obj
[0.072s] -- Up-to-date: /home/ohheemin/gazebo_ws/src/tm12_gazebo_moveit/install/tm12_gazebo_moveit/share/tm12_gazebo_moveit/meshes/tm12/visual/tmr_750w_01.stl
[0.072s] -- Up-to-date: /home/ohheemin/gazebo_ws/src/tm12_gazebo_moveit/install/tm12_gazebo_moveit/share/tm12_gazebo_moveit/meshes/tm12/visual/tm12-arm1.stl
[0.072s] -- Up-to-date: /home/ohheemin/gazebo_ws/src/tm12_gazebo_moveit/install/tm12_gazebo_moveit/share/tm12_gazebo_moveit/meshes/tm12/visual/tmr_750w_01.mtl
[0.072s] -- Up-to-date: /home/ohheemin/gazebo_ws/src/tm12_gazebo_moveit/install/tm12_gazebo_moveit/share/tm12_gazebo_moveit/meshes/tm12/visual/tmr_750w_01.obj
[0.072s] -- Up-to-date: /home/ohheemin/gazebo_ws/src/tm12_gazebo_moveit/install/tm12_gazebo_moveit/share/tm12_gazebo_moveit/meshes/tm12/visual/tm12-arm1.mtl
[0.072s] -- Up-to-date: /home/ohheemin/gazebo_ws/src/tm12_gazebo_moveit/install/tm12_gazebo_moveit/share/tm12_gazebo_moveit/meshes/tm12/visual/tm12-arm2.mtl
[0.072s] -- Up-to-date: /home/ohheemin/gazebo_ws/src/tm12_gazebo_moveit/install/tm12_gazebo_moveit/share/ament_index/resource_index/package_run_dependencies/tm12_gazebo_moveit
[0.072s] -- Up-to-date: /home/ohheemin/gazebo_ws/src/tm12_gazebo_moveit/install/tm12_gazebo_moveit/share/ament_index/resource_index/parent_prefix_path/tm12_gazebo_moveit
[0.072s] -- Up-to-date: /home/ohheemin/gazebo_ws/src/tm12_gazebo_moveit/install/tm12_gazebo_moveit/share/tm12_gazebo_moveit/environment/ament_prefix_path.sh
[0.072s] -- Up-to-date: /home/ohheemin/gazebo_ws/src/tm12_gazebo_moveit/install/tm12_gazebo_moveit/share/tm12_gazebo_moveit/environment/ament_prefix_path.dsv
[0.072s] -- Up-to-date: /home/ohheemin/gazebo_ws/src/tm12_gazebo_moveit/install/tm12_gazebo_moveit/share/tm12_gazebo_moveit/environment/path.sh
[0.072s] -- Up-to-date: /home/ohheemin/gazebo_ws/src/tm12_gazebo_moveit/install/tm12_gazebo_moveit/share/tm12_gazebo_moveit/environment/path.dsv
[0.072s] -- Up-to-date: /home/ohheemin/gazebo_ws/src/tm12_gazebo_moveit/install/tm12_gazebo_moveit/share/tm12_gazebo_moveit/local_setup.bash
[0.072s] -- Up-to-date: /home/ohheemin/gazebo_ws/src/tm12_gazebo_moveit/install/tm12_gazebo_moveit/share/tm12_gazebo_moveit/local_setup.sh
[0.072s] -- Up-to-date: /home/ohheemin/gazebo_ws/src/tm12_gazebo_moveit/install/tm12_gazebo_moveit/share/tm12_gazebo_moveit/local_setup.zsh
[0.072s] -- Up-to-date: /home/ohheemin/gazebo_ws/src/tm12_gazebo_moveit/install/tm12_gazebo_moveit/share/tm12_gazebo_moveit/local_setup.dsv
[0.072s] -- Installing: /home/ohheemin/gazebo_ws/src/tm12_gazebo_moveit/install/tm12_gazebo_moveit/share/tm12_gazebo_moveit/package.dsv
[0.072s] -- Up-to-date: /home/ohheemin/gazebo_ws/src/tm12_gazebo_moveit/install/tm12_gazebo_moveit/share/ament_index/resource_index/packages/tm12_gazebo_moveit
[0.072s] -- Up-to-date: /home/ohheemin/gazebo_ws/src/tm12_gazebo_moveit/install/tm12_gazebo_moveit/share/tm12_gazebo_moveit/cmake/tm12_gazebo_moveitConfig.cmake
[0.072s] -- Up-to-date: /home/ohheemin/gazebo_ws/src/tm12_gazebo_moveit/install/tm12_gazebo_moveit/share/tm12_gazebo_moveit/cmake/tm12_gazebo_moveitConfig-version.cmake
[0.072s] -- Up-to-date: /home/ohheemin/gazebo_ws/src/tm12_gazebo_moveit/install/tm12_gazebo_moveit/share/tm12_gazebo_moveit/package.xml
[0.073s] Invoked command in '/home/ohheemin/gazebo_ws/src/tm12_gazebo_moveit/build/tm12_gazebo_moveit' returned '0': CMAKE_PREFIX_PATH=${CMAKE_PREFIX_PATH}:/opt/ros/humble /usr/bin/cmake --install /home/ohheemin/gazebo_ws/src/tm12_gazebo_moveit/build/tm12_gazebo_moveit
