-- The C compiler identification is GNU 11.4.0
-- The CXX compiler identification is GNU 11.4.0
-- Detecting C compiler ABI info
-- Detecting C compiler ABI info - done
-- Check for working C compiler: /usr/bin/cc - skipped
-- Detecting C compile features
-- Detecting C compile features - done
-- Detecting CXX compiler ABI info
-- Detecting CXX compiler ABI info - done
-- Check for working CXX compiler: /usr/bin/c++ - skipped
-- Detecting CXX compile features
-- Detecting CXX compile features - done
-- Found ament_cmake: 1.3.12 (/opt/ros/humble/share/ament_cmake/cmake)
-- Found Python3: /usr/bin/python3 (found version "3.10.12") found components: Interpreter 
-- Found rclcpp: 16.0.15 (/opt/ros/humble/share/rclcpp/cmake)
-- Found rosidl_generator_c: 3.1.7 (/opt/ros/humble/share/rosidl_generator_c/cmake)
-- Found rosidl_adapter: 3.1.7 (/opt/ros/humble/share/rosidl_adapter/cmake)
-- Found rosidl_generator_cpp: 3.1.7 (/opt/ros/humble/share/rosidl_generator_cpp/cmake)
-- Using all available rosidl_typesupport_c: rosidl_typesupport_fastrtps_c;rosidl_typesupport_introspection_c
-- Using all available rosidl_typesupport_cpp: rosidl_typesupport_fastrtps_cpp;rosidl_typesupport_introspection_cpp
-- Found rmw_implementation_cmake: 6.1.2 (/opt/ros/humble/share/rmw_implementation_cmake/cmake)
-- Found rmw_fastrtps_cpp: 6.2.9 (/opt/ros/humble/share/rmw_fastrtps_cpp/cmake)
-- Found OpenSSL: /usr/lib/x86_64-linux-gnu/libcrypto.so (found version "3.0.2")  
-- Found FastRTPS: /opt/ros/humble/include  
-- Using RMW implementation 'rmw_fastrtps_cpp' as default
-- Looking for pthread.h
-- Looking for pthread.h - found
-- Performing Test CMAKE_HAVE_LIBC_PTHREAD
-- Performing Test CMAKE_HAVE_LIBC_PTHREAD - Success
-- Found Threads: TRUE  
-- Found moveit_ros_planning_interface: 2.5.9 (/opt/ros/humble/share/moveit_ros_planning_interface/cmake)
-- Found Boost: /usr/lib/x86_64-linux-gnu/cmake/Boost-1.74.0/BoostConfig.cmake (found version "1.74.0") found components: date_time filesystem program_options system thread 
-- Found Boost: /usr/lib/x86_64-linux-gnu/cmake/Boost-1.74.0/BoostConfig.cmake (found version "1.74.0") found components: chrono date_time filesystem iostreams program_options regex serialization system thread 
-- Found parameter_traits: 0.5.0 (/opt/ros/humble/share/parameter_traits/cmake)
-- Found rclcpp_lifecycle: 16.0.15 (/opt/ros/humble/share/rclcpp_lifecycle/cmake)
-- Found Boost: /usr/lib/x86_64-linux-gnu/cmake/Boost-1.74.0/BoostConfig.cmake (found version "1.74.0") found components: filesystem 
-- library: /usr/lib/x86_64-linux-gnu/libcurl.so
-- Found Eigen3: TRUE (found version "3.4.0") 
-- Ensuring Eigen3 include directory is part of orocos-kdl CMake target
-- Found Boost: /usr/lib/x86_64-linux-gnu/cmake/Boost-1.74.0/BoostConfig.cmake (found version "1.74.0") found components: system filesystem date_time program_options thread chrono 
-- Found Boost: /usr/lib/x86_64-linux-gnu/cmake/Boost-1.74.0/BoostConfig.cmake (found version "1.74.0") found components: thread system filesystem regex date_time program_options 
-- Found Boost: /usr/lib/x86_64-linux-gnu/cmake/Boost-1.74.0/BoostConfig.cmake (found version "1.74.0") found components: system filesystem date_time program_options thread 
-- Configuring done
-- Generating done
-- Build files have been written to: /home/ohheemin/isaac_ws/src/IsaacSim-ros_workspaces/humble_ws/src/moveit/tm12_isaac_moveit/build/tm12_isaac_moveit
[ 50%] [32mBuilding CXX object CMakeFiles/tm12_pick_and_place.dir/src/tm12_pick_and_place.cpp.o[0m
[100%] [32m[1mLinking CXX executable tm12_pick_and_place[0m
[100%] Built target tm12_pick_and_place
-- Install configuration: ""
-- Installing: /home/ohheemin/isaac_ws/src/IsaacSim-ros_workspaces/humble_ws/src/moveit/tm12_isaac_moveit/install/tm12_isaac_moveit/lib/tm12_isaac_moveit/tm12_pick_and_place
-- Set runtime path of "/home/ohheemin/isaac_ws/src/IsaacSim-ros_workspaces/humble_ws/src/moveit/tm12_isaac_moveit/install/tm12_isaac_moveit/lib/tm12_isaac_moveit/tm12_pick_and_place" to ""
-- Installing: /home/ohheemin/isaac_ws/src/IsaacSim-ros_workspaces/humble_ws/src/moveit/tm12_isaac_moveit/install/tm12_isaac_moveit/share/tm12_isaac_moveit/tm_config
-- Installing: /home/ohheemin/isaac_ws/src/IsaacSim-ros_workspaces/humble_ws/src/moveit/tm12_isaac_moveit/install/tm12_isaac_moveit/share/tm12_isaac_moveit/tm_config/joint_limits.yaml
-- Installing: /home/ohheemin/isaac_ws/src/IsaacSim-ros_workspaces/humble_ws/src/moveit/tm12_isaac_moveit/install/tm12_isaac_moveit/share/tm12_isaac_moveit/tm_config/moveit_cpp.yaml
-- Installing: /home/ohheemin/isaac_ws/src/IsaacSim-ros_workspaces/humble_ws/src/moveit/tm12_isaac_moveit/install/tm12_isaac_moveit/share/tm12_isaac_moveit/tm_config/ompl_planning.yaml
-- Installing: /home/ohheemin/isaac_ws/src/IsaacSim-ros_workspaces/humble_ws/src/moveit/tm12_isaac_moveit/install/tm12_isaac_moveit/share/tm12_isaac_moveit/tm_config/controllers.yaml
-- Installing: /home/ohheemin/isaac_ws/src/IsaacSim-ros_workspaces/humble_ws/src/moveit/tm12_isaac_moveit/install/tm12_isaac_moveit/share/tm12_isaac_moveit/tm_config/tm12.srdf
-- Installing: /home/ohheemin/isaac_ws/src/IsaacSim-ros_workspaces/humble_ws/src/moveit/tm12_isaac_moveit/install/tm12_isaac_moveit/share/tm12_isaac_moveit/tm_config/trajopt_planning.yaml
-- Installing: /home/ohheemin/isaac_ws/src/IsaacSim-ros_workspaces/humble_ws/src/moveit/tm12_isaac_moveit/install/tm12_isaac_moveit/share/tm12_isaac_moveit/tm_config/ros2_controllers.yaml
-- Installing: /home/ohheemin/isaac_ws/src/IsaacSim-ros_workspaces/humble_ws/src/moveit/tm12_isaac_moveit/install/tm12_isaac_moveit/share/tm12_isaac_moveit/tm_config/tm12.ros2_control.xacro
-- Installing: /home/ohheemin/isaac_ws/src/IsaacSim-ros_workspaces/humble_ws/src/moveit/tm12_isaac_moveit/install/tm12_isaac_moveit/share/tm12_isaac_moveit/tm_config/stomp_planning.yaml
-- Installing: /home/ohheemin/isaac_ws/src/IsaacSim-ros_workspaces/humble_ws/src/moveit/tm12_isaac_moveit/install/tm12_isaac_moveit/share/tm12_isaac_moveit/tm_config/sensors_3d.yaml
-- Installing: /home/ohheemin/isaac_ws/src/IsaacSim-ros_workspaces/humble_ws/src/moveit/tm12_isaac_moveit/install/tm12_isaac_moveit/share/tm12_isaac_moveit/tm_config/initial_positions.yaml
-- Installing: /home/ohheemin/isaac_ws/src/IsaacSim-ros_workspaces/humble_ws/src/moveit/tm12_isaac_moveit/install/tm12_isaac_moveit/share/tm12_isaac_moveit/tm_config/moveit.rviz
-- Installing: /home/ohheemin/isaac_ws/src/IsaacSim-ros_workspaces/humble_ws/src/moveit/tm12_isaac_moveit/install/tm12_isaac_moveit/share/tm12_isaac_moveit/tm_config/moveit_controllers.yaml
-- Installing: /home/ohheemin/isaac_ws/src/IsaacSim-ros_workspaces/humble_ws/src/moveit/tm12_isaac_moveit/install/tm12_isaac_moveit/share/tm12_isaac_moveit/tm_config/tm12.urdf.xacro
-- Installing: /home/ohheemin/isaac_ws/src/IsaacSim-ros_workspaces/humble_ws/src/moveit/tm12_isaac_moveit/install/tm12_isaac_moveit/share/tm12_isaac_moveit/tm_config/kinematics.yaml
-- Installing: /home/ohheemin/isaac_ws/src/IsaacSim-ros_workspaces/humble_ws/src/moveit/tm12_isaac_moveit/install/tm12_isaac_moveit/share/tm12_isaac_moveit/tm_config/panda.urdf
-- Installing: /home/ohheemin/isaac_ws/src/IsaacSim-ros_workspaces/humble_ws/src/moveit/tm12_isaac_moveit/install/tm12_isaac_moveit/share/tm12_isaac_moveit/rviz2
-- Installing: /home/ohheemin/isaac_ws/src/IsaacSim-ros_workspaces/humble_ws/src/moveit/tm12_isaac_moveit/install/tm12_isaac_moveit/share/tm12_isaac_moveit/rviz2/tm12_moveit_config.rviz
-- Installing: /home/ohheemin/isaac_ws/src/IsaacSim-ros_workspaces/humble_ws/src/moveit/tm12_isaac_moveit/install/tm12_isaac_moveit/share/tm12_isaac_moveit/launch
-- Installing: /home/ohheemin/isaac_ws/src/IsaacSim-ros_workspaces/humble_ws/src/moveit/tm12_isaac_moveit/install/tm12_isaac_moveit/share/tm12_isaac_moveit/launch/tm12.launch.py
-- Installing: /home/ohheemin/isaac_ws/src/IsaacSim-ros_workspaces/humble_ws/src/moveit/tm12_isaac_moveit/install/tm12_isaac_moveit/share/tm12_isaac_moveit/urdf
-- Installing: /home/ohheemin/isaac_ws/src/IsaacSim-ros_workspaces/humble_ws/src/moveit/tm12_isaac_moveit/install/tm12_isaac_moveit/share/tm12_isaac_moveit/urdf/tm12.urdf
-- Installing: /home/ohheemin/isaac_ws/src/IsaacSim-ros_workspaces/humble_ws/src/moveit/tm12_isaac_moveit/install/tm12_isaac_moveit/share/tm12_isaac_moveit/xacro
-- Installing: /home/ohheemin/isaac_ws/src/IsaacSim-ros_workspaces/humble_ws/src/moveit/tm12_isaac_moveit/install/tm12_isaac_moveit/share/tm12_isaac_moveit/xacro/macro.transmission.xacro
-- Installing: /home/ohheemin/isaac_ws/src/IsaacSim-ros_workspaces/humble_ws/src/moveit/tm12_isaac_moveit/install/tm12_isaac_moveit/share/tm12_isaac_moveit/xacro/macro.tm12.urdf.xacro
-- Installing: /home/ohheemin/isaac_ws/src/IsaacSim-ros_workspaces/humble_ws/src/moveit/tm12_isaac_moveit/install/tm12_isaac_moveit/share/tm12_isaac_moveit/xacro/macro.inertial.xacro
-- Installing: /home/ohheemin/isaac_ws/src/IsaacSim-ros_workspaces/humble_ws/src/moveit/tm12_isaac_moveit/install/tm12_isaac_moveit/share/tm12_isaac_moveit/xacro/macro.gazebo.xacro
-- Installing: /home/ohheemin/isaac_ws/src/IsaacSim-ros_workspaces/humble_ws/src/moveit/tm12_isaac_moveit/install/tm12_isaac_moveit/share/tm12_isaac_moveit/xacro/macro.materials.xacro
-- Installing: /home/ohheemin/isaac_ws/src/IsaacSim-ros_workspaces/humble_ws/src/moveit/tm12_isaac_moveit/install/tm12_isaac_moveit/share/tm12_isaac_moveit/xacro/tm12.urdf.xacro
-- Installing: /home/ohheemin/isaac_ws/src/IsaacSim-ros_workspaces/humble_ws/src/moveit/tm12_isaac_moveit/install/tm12_isaac_moveit/share/tm12_isaac_moveit/meshes
-- Installing: /home/ohheemin/isaac_ws/src/IsaacSim-ros_workspaces/humble_ws/src/moveit/tm12_isaac_moveit/install/tm12_isaac_moveit/share/tm12_isaac_moveit/meshes/tm12
-- Installing: /home/ohheemin/isaac_ws/src/IsaacSim-ros_workspaces/humble_ws/src/moveit/tm12_isaac_moveit/install/tm12_isaac_moveit/share/tm12_isaac_moveit/meshes/tm12/collision
-- Installing: /home/ohheemin/isaac_ws/src/IsaacSim-ros_workspaces/humble_ws/src/moveit/tm12_isaac_moveit/install/tm12_isaac_moveit/share/tm12_isaac_moveit/meshes/tm12/collision/tm12-base_c.stl
-- Installing: /home/ohheemin/isaac_ws/src/IsaacSim-ros_workspaces/humble_ws/src/moveit/tm12_isaac_moveit/install/tm12_isaac_moveit/share/tm12_isaac_moveit/meshes/tm12/collision/tmr_750w_01_c.stl
-- Installing: /home/ohheemin/isaac_ws/src/IsaacSim-ros_workspaces/humble_ws/src/moveit/tm12_isaac_moveit/install/tm12_isaac_moveit/share/tm12_isaac_moveit/meshes/tm12/collision/tm12-arm2_c.stl
-- Installing: /home/ohheemin/isaac_ws/src/IsaacSim-ros_workspaces/humble_ws/src/moveit/tm12_isaac_moveit/install/tm12_isaac_moveit/share/tm12_isaac_moveit/meshes/tm12/collision/tm12-arm1_c.stl
-- Installing: /home/ohheemin/isaac_ws/src/IsaacSim-ros_workspaces/humble_ws/src/moveit/tm12_isaac_moveit/install/tm12_isaac_moveit/share/tm12_isaac_moveit/meshes/tm12/visual
-- Installing: /home/ohheemin/isaac_ws/src/IsaacSim-ros_workspaces/humble_ws/src/moveit/tm12_isaac_moveit/install/tm12_isaac_moveit/share/tm12_isaac_moveit/meshes/tm12/visual/tm12-base.obj
-- Installing: /home/ohheemin/isaac_ws/src/IsaacSim-ros_workspaces/humble_ws/src/moveit/tm12_isaac_moveit/install/tm12_isaac_moveit/share/tm12_isaac_moveit/meshes/tm12/visual/tm12-arm1.obj
-- Installing: /home/ohheemin/isaac_ws/src/IsaacSim-ros_workspaces/humble_ws/src/moveit/tm12_isaac_moveit/install/tm12_isaac_moveit/share/tm12_isaac_moveit/meshes/tm12/visual/tm12-base.mtl
-- Installing: /home/ohheemin/isaac_ws/src/IsaacSim-ros_workspaces/humble_ws/src/moveit/tm12_isaac_moveit/install/tm12_isaac_moveit/share/tm12_isaac_moveit/meshes/tm12/visual/tm12-base.stl
-- Installing: /home/ohheemin/isaac_ws/src/IsaacSim-ros_workspaces/humble_ws/src/moveit/tm12_isaac_moveit/install/tm12_isaac_moveit/share/tm12_isaac_moveit/meshes/tm12/visual/tm12-arm2.stl
-- Installing: /home/ohheemin/isaac_ws/src/IsaacSim-ros_workspaces/humble_ws/src/moveit/tm12_isaac_moveit/install/tm12_isaac_moveit/share/tm12_isaac_moveit/meshes/tm12/visual/tm12-arm2.obj
-- Installing: /home/ohheemin/isaac_ws/src/IsaacSim-ros_workspaces/humble_ws/src/moveit/tm12_isaac_moveit/install/tm12_isaac_moveit/share/tm12_isaac_moveit/meshes/tm12/visual/tmr_750w_01.stl
-- Installing: /home/ohheemin/isaac_ws/src/IsaacSim-ros_workspaces/humble_ws/src/moveit/tm12_isaac_moveit/install/tm12_isaac_moveit/share/tm12_isaac_moveit/meshes/tm12/visual/tm12-arm1.stl
-- Installing: /home/ohheemin/isaac_ws/src/IsaacSim-ros_workspaces/humble_ws/src/moveit/tm12_isaac_moveit/install/tm12_isaac_moveit/share/tm12_isaac_moveit/meshes/tm12/visual/tmr_750w_01.mtl
-- Installing: /home/ohheemin/isaac_ws/src/IsaacSim-ros_workspaces/humble_ws/src/moveit/tm12_isaac_moveit/install/tm12_isaac_moveit/share/tm12_isaac_moveit/meshes/tm12/visual/tmr_750w_01.obj
-- Installing: /home/ohheemin/isaac_ws/src/IsaacSim-ros_workspaces/humble_ws/src/moveit/tm12_isaac_moveit/install/tm12_isaac_moveit/share/tm12_isaac_moveit/meshes/tm12/visual/tm12-arm1.mtl
-- Installing: /home/ohheemin/isaac_ws/src/IsaacSim-ros_workspaces/humble_ws/src/moveit/tm12_isaac_moveit/install/tm12_isaac_moveit/share/tm12_isaac_moveit/meshes/tm12/visual/tm12-arm2.mtl
-- Installing: /home/ohheemin/isaac_ws/src/IsaacSim-ros_workspaces/humble_ws/src/moveit/tm12_isaac_moveit/install/tm12_isaac_moveit/share/ament_index/resource_index/package_run_dependencies/tm12_isaac_moveit
-- Installing: /home/ohheemin/isaac_ws/src/IsaacSim-ros_workspaces/humble_ws/src/moveit/tm12_isaac_moveit/install/tm12_isaac_moveit/share/ament_index/resource_index/parent_prefix_path/tm12_isaac_moveit
-- Installing: /home/ohheemin/isaac_ws/src/IsaacSim-ros_workspaces/humble_ws/src/moveit/tm12_isaac_moveit/install/tm12_isaac_moveit/share/tm12_isaac_moveit/environment/ament_prefix_path.sh
-- Installing: /home/ohheemin/isaac_ws/src/IsaacSim-ros_workspaces/humble_ws/src/moveit/tm12_isaac_moveit/install/tm12_isaac_moveit/share/tm12_isaac_moveit/environment/ament_prefix_path.dsv
-- Installing: /home/ohheemin/isaac_ws/src/IsaacSim-ros_workspaces/humble_ws/src/moveit/tm12_isaac_moveit/install/tm12_isaac_moveit/share/tm12_isaac_moveit/environment/path.sh
-- Installing: /home/ohheemin/isaac_ws/src/IsaacSim-ros_workspaces/humble_ws/src/moveit/tm12_isaac_moveit/install/tm12_isaac_moveit/share/tm12_isaac_moveit/environment/path.dsv
-- Installing: /home/ohheemin/isaac_ws/src/IsaacSim-ros_workspaces/humble_ws/src/moveit/tm12_isaac_moveit/install/tm12_isaac_moveit/share/tm12_isaac_moveit/local_setup.bash
-- Installing: /home/ohheemin/isaac_ws/src/IsaacSim-ros_workspaces/humble_ws/src/moveit/tm12_isaac_moveit/install/tm12_isaac_moveit/share/tm12_isaac_moveit/local_setup.sh
-- Installing: /home/ohheemin/isaac_ws/src/IsaacSim-ros_workspaces/humble_ws/src/moveit/tm12_isaac_moveit/install/tm12_isaac_moveit/share/tm12_isaac_moveit/local_setup.zsh
-- Installing: /home/ohheemin/isaac_ws/src/IsaacSim-ros_workspaces/humble_ws/src/moveit/tm12_isaac_moveit/install/tm12_isaac_moveit/share/tm12_isaac_moveit/local_setup.dsv
-- Installing: /home/ohheemin/isaac_ws/src/IsaacSim-ros_workspaces/humble_ws/src/moveit/tm12_isaac_moveit/install/tm12_isaac_moveit/share/tm12_isaac_moveit/package.dsv
-- Installing: /home/ohheemin/isaac_ws/src/IsaacSim-ros_workspaces/humble_ws/src/moveit/tm12_isaac_moveit/install/tm12_isaac_moveit/share/ament_index/resource_index/packages/tm12_isaac_moveit
-- Installing: /home/ohheemin/isaac_ws/src/IsaacSim-ros_workspaces/humble_ws/src/moveit/tm12_isaac_moveit/install/tm12_isaac_moveit/share/tm12_isaac_moveit/cmake/ament_cmake_export_dependencies-extras.cmake
-- Installing: /home/ohheemin/isaac_ws/src/IsaacSim-ros_workspaces/humble_ws/src/moveit/tm12_isaac_moveit/install/tm12_isaac_moveit/share/tm12_isaac_moveit/cmake/tm12_isaac_moveitConfig.cmake
-- Installing: /home/ohheemin/isaac_ws/src/IsaacSim-ros_workspaces/humble_ws/src/moveit/tm12_isaac_moveit/install/tm12_isaac_moveit/share/tm12_isaac_moveit/cmake/tm12_isaac_moveitConfig-version.cmake
-- Installing: /home/ohheemin/isaac_ws/src/IsaacSim-ros_workspaces/humble_ws/src/moveit/tm12_isaac_moveit/install/tm12_isaac_moveit/share/tm12_isaac_moveit/package.xml
