[0.006s] Invoking command in '/home/ohheemin/isaac_ws/src/IsaacSim-ros_workspaces/humble_ws/src/moveit/tm12_isaac_moveit/build/tm12_isaac_moveit': CMAKE_PREFIX_PATH=${CMAKE_PREFIX_PATH}:/home/ohheemin/gazebo_ws/install/panda_ros2_gazebo:/opt/ros/humble /usr/bin/cmake /home/ohheemin/isaac_ws/src/IsaacSim-ros_workspaces/humble_ws/src/moveit/tm12_isaac_moveit -DCMAKE_INSTALL_PREFIX=/home/ohheemin/isaac_ws/src/IsaacSim-ros_workspaces/humble_ws/src/moveit/tm12_isaac_moveit/install/tm12_isaac_moveit
[0.045s] -- The C compiler identification is GNU 11.4.0
[0.078s] -- The CXX compiler identification is GNU 11.4.0
[0.084s] -- Detecting C compiler ABI info
[0.129s] -- Detecting C compiler ABI info - done
[0.132s] -- Check for working C compiler: /usr/bin/cc - skipped
[0.133s] -- Detecting C compile features
[0.133s] -- Detecting C compile features - done
[0.135s] -- Detecting CXX compiler ABI info
[0.183s] -- Detecting CXX compiler ABI info - done
[0.187s] -- Check for working CXX compiler: /usr/bin/c++ - skipped
[0.187s] -- Detecting CXX compile features
[0.187s] -- Detecting CXX compile features - done
[0.192s] -- Found ament_cmake: 1.3.12 (/opt/ros/humble/share/ament_cmake/cmake)
[0.281s] -- Found Python3: /usr/bin/python3 (found version "3.10.12") found components: Interpreter 
[0.357s] -- Found rclcpp: 16.0.15 (/opt/ros/humble/share/rclcpp/cmake)
[0.406s] -- Found rosidl_generator_c: 3.1.7 (/opt/ros/humble/share/rosidl_generator_c/cmake)
[0.412s] -- Found rosidl_adapter: 3.1.7 (/opt/ros/humble/share/rosidl_adapter/cmake)
[0.421s] -- Found rosidl_generator_cpp: 3.1.7 (/opt/ros/humble/share/rosidl_generator_cpp/cmake)
[0.433s] -- Using all available rosidl_typesupport_c: rosidl_typesupport_fastrtps_c;rosidl_typesupport_introspection_c
[0.448s] -- Using all available rosidl_typesupport_cpp: rosidl_typesupport_fastrtps_cpp;rosidl_typesupport_introspection_cpp
[0.493s] -- Found rmw_implementation_cmake: 6.1.2 (/opt/ros/humble/share/rmw_implementation_cmake/cmake)
[0.498s] -- Found rmw_fastrtps_cpp: 6.2.9 (/opt/ros/humble/share/rmw_fastrtps_cpp/cmake)
[0.574s] -- Found OpenSSL: /usr/lib/x86_64-linux-gnu/libcrypto.so (found version "3.0.2")  
[0.596s] -- Found FastRTPS: /opt/ros/humble/include  
[0.626s] -- Using RMW implementation 'rmw_fastrtps_cpp' as default
[0.635s] -- Looking for pthread.h
[0.681s] -- Looking for pthread.h - found
[0.681s] -- Performing Test CMAKE_HAVE_LIBC_PTHREAD
[0.726s] -- Performing Test CMAKE_HAVE_LIBC_PTHREAD - Success
[0.727s] -- Found Threads: TRUE  
[0.768s] -- Found moveit_ros_planning_interface: 2.5.9 (/opt/ros/humble/share/moveit_ros_planning_interface/cmake)
[0.782s] -- Found Boost: /usr/lib/x86_64-linux-gnu/cmake/Boost-1.74.0/BoostConfig.cmake (found version "1.74.0") found components: date_time filesystem program_options system thread 
[0.909s] -- Found Boost: /usr/lib/x86_64-linux-gnu/cmake/Boost-1.74.0/BoostConfig.cmake (found version "1.74.0") found components: chrono date_time filesystem iostreams program_options regex serialization system thread 
[0.948s] -- Found parameter_traits: 0.5.0 (/opt/ros/humble/share/parameter_traits/cmake)
[0.961s] -- Found rclcpp_lifecycle: 16.0.15 (/opt/ros/humble/share/rclcpp_lifecycle/cmake)
[0.982s] -- Found Boost: /usr/lib/x86_64-linux-gnu/cmake/Boost-1.74.0/BoostConfig.cmake (found version "1.74.0") found components: filesystem 
[1.059s] -- library: /usr/lib/x86_64-linux-gnu/libcurl.so
[1.084s] -- Found Eigen3: TRUE (found version "3.4.0") 
[1.084s] -- Ensuring Eigen3 include directory is part of orocos-kdl CMake target
[1.204s] -- Found Boost: /usr/lib/x86_64-linux-gnu/cmake/Boost-1.74.0/BoostConfig.cmake (found version "1.74.0") found components: system filesystem date_time program_options thread chrono 
[1.224s] -- Found Boost: /usr/lib/x86_64-linux-gnu/cmake/Boost-1.74.0/BoostConfig.cmake (found version "1.74.0") found components: thread system filesystem regex date_time program_options 
[1.240s] -- Found Boost: /usr/lib/x86_64-linux-gnu/cmake/Boost-1.74.0/BoostConfig.cmake (found version "1.74.0") found components: system filesystem date_time program_options thread 
[1.296s] -- Configuring done
[1.313s] -- Generating done
[1.317s] -- Build files have been written to: /home/ohheemin/isaac_ws/src/IsaacSim-ros_workspaces/humble_ws/src/moveit/tm12_isaac_moveit/build/tm12_isaac_moveit
[1.326s] Invoked command in '/home/ohheemin/isaac_ws/src/IsaacSim-ros_workspaces/humble_ws/src/moveit/tm12_isaac_moveit/build/tm12_isaac_moveit' returned '0': CMAKE_PREFIX_PATH=${CMAKE_PREFIX_PATH}:/home/ohheemin/gazebo_ws/install/panda_ros2_gazebo:/opt/ros/humble /usr/bin/cmake /home/ohheemin/isaac_ws/src/IsaacSim-ros_workspaces/humble_ws/src/moveit/tm12_isaac_moveit -DCMAKE_INSTALL_PREFIX=/home/ohheemin/isaac_ws/src/IsaacSim-ros_workspaces/humble_ws/src/moveit/tm12_isaac_moveit/install/tm12_isaac_moveit
[1.327s] Invoking command in '/home/ohheemin/isaac_ws/src/IsaacSim-ros_workspaces/humble_ws/src/moveit/tm12_isaac_moveit/build/tm12_isaac_moveit': CMAKE_PREFIX_PATH=${CMAKE_PREFIX_PATH}:/home/ohheemin/gazebo_ws/install/panda_ros2_gazebo:/opt/ros/humble /usr/bin/cmake --build /home/ohheemin/isaac_ws/src/IsaacSim-ros_workspaces/humble_ws/src/moveit/tm12_isaac_moveit/build/tm12_isaac_moveit -- -j24 -l24
[1.362s] [ 50%] [32mBuilding CXX object CMakeFiles/tm12_pick_and_place.dir/src/tm12_pick_and_place.cpp.o[0m
[7.963s] [100%] [32m[1mLinking CXX executable tm12_pick_and_place[0m
[8.330s] [100%] Built target tm12_pick_and_place
[8.341s] Invoked command in '/home/ohheemin/isaac_ws/src/IsaacSim-ros_workspaces/humble_ws/src/moveit/tm12_isaac_moveit/build/tm12_isaac_moveit' returned '0': CMAKE_PREFIX_PATH=${CMAKE_PREFIX_PATH}:/home/ohheemin/gazebo_ws/install/panda_ros2_gazebo:/opt/ros/humble /usr/bin/cmake --build /home/ohheemin/isaac_ws/src/IsaacSim-ros_workspaces/humble_ws/src/moveit/tm12_isaac_moveit/build/tm12_isaac_moveit -- -j24 -l24
[8.349s] Invoking command in '/home/ohheemin/isaac_ws/src/IsaacSim-ros_workspaces/humble_ws/src/moveit/tm12_isaac_moveit/build/tm12_isaac_moveit': CMAKE_PREFIX_PATH=${CMAKE_PREFIX_PATH}:/home/ohheemin/gazebo_ws/install/panda_ros2_gazebo:/opt/ros/humble /usr/bin/cmake --install /home/ohheemin/isaac_ws/src/IsaacSim-ros_workspaces/humble_ws/src/moveit/tm12_isaac_moveit/build/tm12_isaac_moveit
[8.353s] -- Install configuration: ""
[8.353s] -- Installing: /home/ohheemin/isaac_ws/src/IsaacSim-ros_workspaces/humble_ws/src/moveit/tm12_isaac_moveit/install/tm12_isaac_moveit/lib/tm12_isaac_moveit/tm12_pick_and_place
[8.356s] -- Set runtime path of "/home/ohheemin/isaac_ws/src/IsaacSim-ros_workspaces/humble_ws/src/moveit/tm12_isaac_moveit/install/tm12_isaac_moveit/lib/tm12_isaac_moveit/tm12_pick_and_place" to ""
[8.356s] -- Installing: /home/ohheemin/isaac_ws/src/IsaacSim-ros_workspaces/humble_ws/src/moveit/tm12_isaac_moveit/install/tm12_isaac_moveit/share/tm12_isaac_moveit/tm_config
[8.356s] -- Installing: /home/ohheemin/isaac_ws/src/IsaacSim-ros_workspaces/humble_ws/src/moveit/tm12_isaac_moveit/install/tm12_isaac_moveit/share/tm12_isaac_moveit/tm_config/joint_limits.yaml
[8.356s] -- Installing: /home/ohheemin/isaac_ws/src/IsaacSim-ros_workspaces/humble_ws/src/moveit/tm12_isaac_moveit/install/tm12_isaac_moveit/share/tm12_isaac_moveit/tm_config/moveit_cpp.yaml
[8.356s] -- Installing: /home/ohheemin/isaac_ws/src/IsaacSim-ros_workspaces/humble_ws/src/moveit/tm12_isaac_moveit/install/tm12_isaac_moveit/share/tm12_isaac_moveit/tm_config/ompl_planning.yaml
[8.356s] -- Installing: /home/ohheemin/isaac_ws/src/IsaacSim-ros_workspaces/humble_ws/src/moveit/tm12_isaac_moveit/install/tm12_isaac_moveit/share/tm12_isaac_moveit/tm_config/controllers.yaml
[8.356s] -- Installing: /home/ohheemin/isaac_ws/src/IsaacSim-ros_workspaces/humble_ws/src/moveit/tm12_isaac_moveit/install/tm12_isaac_moveit/share/tm12_isaac_moveit/tm_config/tm12.srdf
[8.356s] -- Installing: /home/ohheemin/isaac_ws/src/IsaacSim-ros_workspaces/humble_ws/src/moveit/tm12_isaac_moveit/install/tm12_isaac_moveit/share/tm12_isaac_moveit/tm_config/trajopt_planning.yaml
[8.357s] -- Installing: /home/ohheemin/isaac_ws/src/IsaacSim-ros_workspaces/humble_ws/src/moveit/tm12_isaac_moveit/install/tm12_isaac_moveit/share/tm12_isaac_moveit/tm_config/ros2_controllers.yaml
[8.357s] -- Installing: /home/ohheemin/isaac_ws/src/IsaacSim-ros_workspaces/humble_ws/src/moveit/tm12_isaac_moveit/install/tm12_isaac_moveit/share/tm12_isaac_moveit/tm_config/tm12.ros2_control.xacro
[8.357s] -- Installing: /home/ohheemin/isaac_ws/src/IsaacSim-ros_workspaces/humble_ws/src/moveit/tm12_isaac_moveit/install/tm12_isaac_moveit/share/tm12_isaac_moveit/tm_config/stomp_planning.yaml
[8.357s] -- Installing: /home/ohheemin/isaac_ws/src/IsaacSim-ros_workspaces/humble_ws/src/moveit/tm12_isaac_moveit/install/tm12_isaac_moveit/share/tm12_isaac_moveit/tm_config/sensors_3d.yaml
[8.357s] -- Installing: /home/ohheemin/isaac_ws/src/IsaacSim-ros_workspaces/humble_ws/src/moveit/tm12_isaac_moveit/install/tm12_isaac_moveit/share/tm12_isaac_moveit/tm_config/initial_positions.yaml
[8.357s] -- Installing: /home/ohheemin/isaac_ws/src/IsaacSim-ros_workspaces/humble_ws/src/moveit/tm12_isaac_moveit/install/tm12_isaac_moveit/share/tm12_isaac_moveit/tm_config/moveit.rviz
[8.357s] -- Installing: /home/ohheemin/isaac_ws/src/IsaacSim-ros_workspaces/humble_ws/src/moveit/tm12_isaac_moveit/install/tm12_isaac_moveit/share/tm12_isaac_moveit/tm_config/moveit_controllers.yaml
[8.357s] -- Installing: /home/ohheemin/isaac_ws/src/IsaacSim-ros_workspaces/humble_ws/src/moveit/tm12_isaac_moveit/install/tm12_isaac_moveit/share/tm12_isaac_moveit/tm_config/tm12.urdf.xacro
[8.357s] -- Installing: /home/ohheemin/isaac_ws/src/IsaacSim-ros_workspaces/humble_ws/src/moveit/tm12_isaac_moveit/install/tm12_isaac_moveit/share/tm12_isaac_moveit/tm_config/kinematics.yaml
[8.357s] -- Installing: /home/ohheemin/isaac_ws/src/IsaacSim-ros_workspaces/humble_ws/src/moveit/tm12_isaac_moveit/install/tm12_isaac_moveit/share/tm12_isaac_moveit/tm_config/panda.urdf
[8.357s] -- Installing: /home/ohheemin/isaac_ws/src/IsaacSim-ros_workspaces/humble_ws/src/moveit/tm12_isaac_moveit/install/tm12_isaac_moveit/share/tm12_isaac_moveit/rviz2
[8.357s] -- Installing: /home/ohheemin/isaac_ws/src/IsaacSim-ros_workspaces/humble_ws/src/moveit/tm12_isaac_moveit/install/tm12_isaac_moveit/share/tm12_isaac_moveit/rviz2/tm12_moveit_config.rviz
[8.357s] -- Installing: /home/ohheemin/isaac_ws/src/IsaacSim-ros_workspaces/humble_ws/src/moveit/tm12_isaac_moveit/install/tm12_isaac_moveit/share/tm12_isaac_moveit/launch
[8.357s] -- Installing: /home/ohheemin/isaac_ws/src/IsaacSim-ros_workspaces/humble_ws/src/moveit/tm12_isaac_moveit/install/tm12_isaac_moveit/share/tm12_isaac_moveit/launch/tm12.launch.py
[8.358s] -- Installing: /home/ohheemin/isaac_ws/src/IsaacSim-ros_workspaces/humble_ws/src/moveit/tm12_isaac_moveit/install/tm12_isaac_moveit/share/tm12_isaac_moveit/urdf
[8.358s] -- Installing: /home/ohheemin/isaac_ws/src/IsaacSim-ros_workspaces/humble_ws/src/moveit/tm12_isaac_moveit/install/tm12_isaac_moveit/share/tm12_isaac_moveit/urdf/tm12.urdf
[8.358s] -- Installing: /home/ohheemin/isaac_ws/src/IsaacSim-ros_workspaces/humble_ws/src/moveit/tm12_isaac_moveit/install/tm12_isaac_moveit/share/tm12_isaac_moveit/xacro
[8.358s] -- Installing: /home/ohheemin/isaac_ws/src/IsaacSim-ros_workspaces/humble_ws/src/moveit/tm12_isaac_moveit/install/tm12_isaac_moveit/share/tm12_isaac_moveit/xacro/macro.transmission.xacro
[8.358s] -- Installing: /home/ohheemin/isaac_ws/src/IsaacSim-ros_workspaces/humble_ws/src/moveit/tm12_isaac_moveit/install/tm12_isaac_moveit/share/tm12_isaac_moveit/xacro/macro.tm12.urdf.xacro
[8.358s] -- Installing: /home/ohheemin/isaac_ws/src/IsaacSim-ros_workspaces/humble_ws/src/moveit/tm12_isaac_moveit/install/tm12_isaac_moveit/share/tm12_isaac_moveit/xacro/macro.inertial.xacro
[8.358s] -- Installing: /home/ohheemin/isaac_ws/src/IsaacSim-ros_workspaces/humble_ws/src/moveit/tm12_isaac_moveit/install/tm12_isaac_moveit/share/tm12_isaac_moveit/xacro/macro.gazebo.xacro
[8.358s] -- Installing: /home/ohheemin/isaac_ws/src/IsaacSim-ros_workspaces/humble_ws/src/moveit/tm12_isaac_moveit/install/tm12_isaac_moveit/share/tm12_isaac_moveit/xacro/macro.materials.xacro
[8.358s] -- Installing: /home/ohheemin/isaac_ws/src/IsaacSim-ros_workspaces/humble_ws/src/moveit/tm12_isaac_moveit/install/tm12_isaac_moveit/share/tm12_isaac_moveit/xacro/tm12.urdf.xacro
[8.358s] -- Installing: /home/ohheemin/isaac_ws/src/IsaacSim-ros_workspaces/humble_ws/src/moveit/tm12_isaac_moveit/install/tm12_isaac_moveit/share/tm12_isaac_moveit/meshes
[8.358s] -- Installing: /home/ohheemin/isaac_ws/src/IsaacSim-ros_workspaces/humble_ws/src/moveit/tm12_isaac_moveit/install/tm12_isaac_moveit/share/tm12_isaac_moveit/meshes/tm12
[8.358s] -- Installing: /home/ohheemin/isaac_ws/src/IsaacSim-ros_workspaces/humble_ws/src/moveit/tm12_isaac_moveit/install/tm12_isaac_moveit/share/tm12_isaac_moveit/meshes/tm12/collision
[8.358s] -- Installing: /home/ohheemin/isaac_ws/src/IsaacSim-ros_workspaces/humble_ws/src/moveit/tm12_isaac_moveit/install/tm12_isaac_moveit/share/tm12_isaac_moveit/meshes/tm12/collision/tm12-base_c.stl
[8.358s] -- Installing: /home/ohheemin/isaac_ws/src/IsaacSim-ros_workspaces/humble_ws/src/moveit/tm12_isaac_moveit/install/tm12_isaac_moveit/share/tm12_isaac_moveit/meshes/tm12/collision/tmr_750w_01_c.stl
[8.359s] -- Installing: /home/ohheemin/isaac_ws/src/IsaacSim-ros_workspaces/humble_ws/src/moveit/tm12_isaac_moveit/install/tm12_isaac_moveit/share/tm12_isaac_moveit/meshes/tm12/collision/tm12-arm2_c.stl
[8.359s] -- Installing: /home/ohheemin/isaac_ws/src/IsaacSim-ros_workspaces/humble_ws/src/moveit/tm12_isaac_moveit/install/tm12_isaac_moveit/share/tm12_isaac_moveit/meshes/tm12/collision/tm12-arm1_c.stl
[8.359s] -- Installing: /home/ohheemin/isaac_ws/src/IsaacSim-ros_workspaces/humble_ws/src/moveit/tm12_isaac_moveit/install/tm12_isaac_moveit/share/tm12_isaac_moveit/meshes/tm12/visual
[8.359s] -- Installing: /home/ohheemin/isaac_ws/src/IsaacSim-ros_workspaces/humble_ws/src/moveit/tm12_isaac_moveit/install/tm12_isaac_moveit/share/tm12_isaac_moveit/meshes/tm12/visual/tm12-base.obj
[8.360s] -- Installing: /home/ohheemin/isaac_ws/src/IsaacSim-ros_workspaces/humble_ws/src/moveit/tm12_isaac_moveit/install/tm12_isaac_moveit/share/tm12_isaac_moveit/meshes/tm12/visual/tm12-arm1.obj
[8.364s] -- Installing: /home/ohheemin/isaac_ws/src/IsaacSim-ros_workspaces/humble_ws/src/moveit/tm12_isaac_moveit/install/tm12_isaac_moveit/share/tm12_isaac_moveit/meshes/tm12/visual/tm12-base.mtl
[8.364s] -- Installing: /home/ohheemin/isaac_ws/src/IsaacSim-ros_workspaces/humble_ws/src/moveit/tm12_isaac_moveit/install/tm12_isaac_moveit/share/tm12_isaac_moveit/meshes/tm12/visual/tm12-base.stl
[8.365s] -- Installing: /home/ohheemin/isaac_ws/src/IsaacSim-ros_workspaces/humble_ws/src/moveit/tm12_isaac_moveit/install/tm12_isaac_moveit/share/tm12_isaac_moveit/meshes/tm12/visual/tm12-arm2.stl
[8.366s] -- Installing: /home/ohheemin/isaac_ws/src/IsaacSim-ros_workspaces/humble_ws/src/moveit/tm12_isaac_moveit/install/tm12_isaac_moveit/share/tm12_isaac_moveit/meshes/tm12/visual/tm12-arm2.obj
[8.368s] -- Installing: /home/ohheemin/isaac_ws/src/IsaacSim-ros_workspaces/humble_ws/src/moveit/tm12_isaac_moveit/install/tm12_isaac_moveit/share/tm12_isaac_moveit/meshes/tm12/visual/tmr_750w_01.stl
[8.369s] -- Installing: /home/ohheemin/isaac_ws/src/IsaacSim-ros_workspaces/humble_ws/src/moveit/tm12_isaac_moveit/install/tm12_isaac_moveit/share/tm12_isaac_moveit/meshes/tm12/visual/tm12-arm1.stl
[8.370s] -- Installing: /home/ohheemin/isaac_ws/src/IsaacSim-ros_workspaces/humble_ws/src/moveit/tm12_isaac_moveit/install/tm12_isaac_moveit/share/tm12_isaac_moveit/meshes/tm12/visual/tmr_750w_01.mtl
[8.371s] -- Installing: /home/ohheemin/isaac_ws/src/IsaacSim-ros_workspaces/humble_ws/src/moveit/tm12_isaac_moveit/install/tm12_isaac_moveit/share/tm12_isaac_moveit/meshes/tm12/visual/tmr_750w_01.obj
[8.374s] -- Installing: /home/ohheemin/isaac_ws/src/IsaacSim-ros_workspaces/humble_ws/src/moveit/tm12_isaac_moveit/install/tm12_isaac_moveit/share/tm12_isaac_moveit/meshes/tm12/visual/tm12-arm1.mtl
[8.374s] -- Installing: /home/ohheemin/isaac_ws/src/IsaacSim-ros_workspaces/humble_ws/src/moveit/tm12_isaac_moveit/install/tm12_isaac_moveit/share/tm12_isaac_moveit/meshes/tm12/visual/tm12-arm2.mtl
[8.374s] -- Installing: /home/ohheemin/isaac_ws/src/IsaacSim-ros_workspaces/humble_ws/src/moveit/tm12_isaac_moveit/install/tm12_isaac_moveit/share/ament_index/resource_index/package_run_dependencies/tm12_isaac_moveit
[8.374s] -- Installing: /home/ohheemin/isaac_ws/src/IsaacSim-ros_workspaces/humble_ws/src/moveit/tm12_isaac_moveit/install/tm12_isaac_moveit/share/ament_index/resource_index/parent_prefix_path/tm12_isaac_moveit
[8.374s] -- Installing: /home/ohheemin/isaac_ws/src/IsaacSim-ros_workspaces/humble_ws/src/moveit/tm12_isaac_moveit/install/tm12_isaac_moveit/share/tm12_isaac_moveit/environment/ament_prefix_path.sh
[8.374s] -- Installing: /home/ohheemin/isaac_ws/src/IsaacSim-ros_workspaces/humble_ws/src/moveit/tm12_isaac_moveit/install/tm12_isaac_moveit/share/tm12_isaac_moveit/environment/ament_prefix_path.dsv
[8.374s] -- Installing: /home/ohheemin/isaac_ws/src/IsaacSim-ros_workspaces/humble_ws/src/moveit/tm12_isaac_moveit/install/tm12_isaac_moveit/share/tm12_isaac_moveit/environment/path.sh
[8.374s] -- Installing: /home/ohheemin/isaac_ws/src/IsaacSim-ros_workspaces/humble_ws/src/moveit/tm12_isaac_moveit/install/tm12_isaac_moveit/share/tm12_isaac_moveit/environment/path.dsv
[8.375s] -- Installing: /home/ohheemin/isaac_ws/src/IsaacSim-ros_workspaces/humble_ws/src/moveit/tm12_isaac_moveit/install/tm12_isaac_moveit/share/tm12_isaac_moveit/local_setup.bash
[8.375s] -- Installing: /home/ohheemin/isaac_ws/src/IsaacSim-ros_workspaces/humble_ws/src/moveit/tm12_isaac_moveit/install/tm12_isaac_moveit/share/tm12_isaac_moveit/local_setup.sh
[8.375s] -- Installing: /home/ohheemin/isaac_ws/src/IsaacSim-ros_workspaces/humble_ws/src/moveit/tm12_isaac_moveit/install/tm12_isaac_moveit/share/tm12_isaac_moveit/local_setup.zsh
[8.375s] -- Installing: /home/ohheemin/isaac_ws/src/IsaacSim-ros_workspaces/humble_ws/src/moveit/tm12_isaac_moveit/install/tm12_isaac_moveit/share/tm12_isaac_moveit/local_setup.dsv
[8.375s] -- Installing: /home/ohheemin/isaac_ws/src/IsaacSim-ros_workspaces/humble_ws/src/moveit/tm12_isaac_moveit/install/tm12_isaac_moveit/share/tm12_isaac_moveit/package.dsv
[8.375s] -- Installing: /home/ohheemin/isaac_ws/src/IsaacSim-ros_workspaces/humble_ws/src/moveit/tm12_isaac_moveit/install/tm12_isaac_moveit/share/ament_index/resource_index/packages/tm12_isaac_moveit
[8.375s] -- Installing: /home/ohheemin/isaac_ws/src/IsaacSim-ros_workspaces/humble_ws/src/moveit/tm12_isaac_moveit/install/tm12_isaac_moveit/share/tm12_isaac_moveit/cmake/ament_cmake_export_dependencies-extras.cmake
[8.375s] -- Installing: /home/ohheemin/isaac_ws/src/IsaacSim-ros_workspaces/humble_ws/src/moveit/tm12_isaac_moveit/install/tm12_isaac_moveit/share/tm12_isaac_moveit/cmake/tm12_isaac_moveitConfig.cmake
[8.375s] -- Installing: /home/ohheemin/isaac_ws/src/IsaacSim-ros_workspaces/humble_ws/src/moveit/tm12_isaac_moveit/install/tm12_isaac_moveit/share/tm12_isaac_moveit/cmake/tm12_isaac_moveitConfig-version.cmake
[8.376s] -- Installing: /home/ohheemin/isaac_ws/src/IsaacSim-ros_workspaces/humble_ws/src/moveit/tm12_isaac_moveit/install/tm12_isaac_moveit/share/tm12_isaac_moveit/package.xml
[8.377s] Invoked command in '/home/ohheemin/isaac_ws/src/IsaacSim-ros_workspaces/humble_ws/src/moveit/tm12_isaac_moveit/build/tm12_isaac_moveit' returned '0': CMAKE_PREFIX_PATH=${CMAKE_PREFIX_PATH}:/home/ohheemin/gazebo_ws/install/panda_ros2_gazebo:/opt/ros/humble /usr/bin/cmake --install /home/ohheemin/isaac_ws/src/IsaacSim-ros_workspaces/humble_ws/src/moveit/tm12_isaac_moveit/build/tm12_isaac_moveit
