[0.006s] Invoking command in '/home/ohheemin/gazebo_ws/src/tm12_gazebo_moveit/build/tm12_gazebo_moveit': CMAKE_PREFIX_PATH=${CMAKE_PREFIX_PATH}:/opt/ros/humble /usr/bin/cmake --build /home/ohheemin/gazebo_ws/src/tm12_gazebo_moveit/build/tm12_gazebo_moveit -- -j24 -l24
[0.025s] -- Found ament_cmake: 1.3.12 (/opt/ros/humble/share/ament_cmake/cmake)
[0.091s] -- Found rclcpp: 16.0.15 (/opt/ros/humble/share/rclcpp/cmake)
[0.105s] -- Found rosidl_generator_c: 3.1.7 (/opt/ros/humble/share/rosidl_generator_c/cmake)
[0.106s] -- Found rosidl_adapter: 3.1.7 (/opt/ros/humble/share/rosidl_adapter/cmake)
[0.109s] -- Found rosidl_generator_cpp: 3.1.7 (/opt/ros/humble/share/rosidl_generator_cpp/cmake)
[0.113s] -- Using all available rosidl_typesupport_c: rosidl_typesupport_fastrtps_c;rosidl_typesupport_introspection_c
[0.119s] -- Using all available rosidl_typesupport_cpp: rosidl_typesupport_fastrtps_cpp;rosidl_typesupport_introspection_cpp
[0.134s] -- Found rmw_implementation_cmake: 6.1.2 (/opt/ros/humble/share/rmw_implementation_cmake/cmake)
[0.134s] -- Found rmw_fastrtps_cpp: 6.2.9 (/opt/ros/humble/share/rmw_fastrtps_cpp/cmake)
[0.203s] -- Using RMW implementation 'rmw_fastrtps_cpp' as default
[0.225s] -- Found moveit_ros_planning_interface: 2.5.9 (/opt/ros/humble/share/moveit_ros_planning_interface/cmake)
[0.230s] -- Found Boost: /usr/lib/x86_64-linux-gnu/cmake/Boost-1.74.0/BoostConfig.cmake (found version "1.74.0") found components: date_time filesystem program_options system thread 
[0.305s] -- Found Boost: /usr/lib/x86_64-linux-gnu/cmake/Boost-1.74.0/BoostConfig.cmake (found version "1.74.0") found components: chrono date_time filesystem iostreams program_options regex serialization system thread 
[0.316s] -- Found parameter_traits: 0.5.0 (/opt/ros/humble/share/parameter_traits/cmake)
[0.319s] -- Found rclcpp_lifecycle: 16.0.15 (/opt/ros/humble/share/rclcpp_lifecycle/cmake)
[0.329s] -- Found Boost: /usr/lib/x86_64-linux-gnu/cmake/Boost-1.74.0/BoostConfig.cmake (found version "1.74.0") found components: filesystem 
[0.349s] -- library: /usr/lib/x86_64-linux-gnu/libcurl.so
[0.362s] -- Ensuring Eigen3 include directory is part of orocos-kdl CMake target
[0.417s] -- Found Boost: /usr/lib/x86_64-linux-gnu/cmake/Boost-1.74.0/BoostConfig.cmake (found version "1.74.0") found components: system filesystem date_time program_options thread chrono 
[0.432s] -- Found Boost: /usr/lib/x86_64-linux-gnu/cmake/Boost-1.74.0/BoostConfig.cmake (found version "1.74.0") found components: thread system filesystem regex date_time program_options 
[0.441s] -- Found Boost: /usr/lib/x86_64-linux-gnu/cmake/Boost-1.74.0/BoostConfig.cmake (found version "1.74.0") found components: system filesystem date_time program_options thread 
[0.462s] [31mCMake Error at CMakeLists.txt:15 (find_package):
[0.462s]   By not providing "Findarm_controllers.cmake" in CMAKE_MODULE_PATH this
[0.462s]   project has asked CMake to find a package configuration file provided by
[0.462s]   "arm_controllers", but CMake did not find one.
[0.462s] 
[0.462s]   Could not find a package configuration file provided by "arm_controllers"
[0.462s]   with any of the following names:
[0.462s] 
[0.462s]     arm_controllersConfig.cmake
[0.462s]     arm_controllers-config.cmake
[0.462s] 
[0.462s]   Add the installation prefix of "arm_controllers" to CMAKE_PREFIX_PATH or
[0.463s]   set "arm_controllers_DIR" to a directory containing one of the above files.
[0.463s]   If "arm_controllers" provides a separate development package or SDK, be
[0.463s]   sure it has been installed.
[0.463s] 
[0.463s] [0m
[0.463s] -- Configuring incomplete, errors occurred!
[0.463s] See also "/home/ohheemin/gazebo_ws/src/tm12_gazebo_moveit/build/tm12_gazebo_moveit/CMakeFiles/CMakeOutput.log".
[0.468s] gmake: *** [Makefile:308: cmake_check_build_system] 오류 1
[0.470s] Invoked command in '/home/ohheemin/gazebo_ws/src/tm12_gazebo_moveit/build/tm12_gazebo_moveit' returned '2': CMAKE_PREFIX_PATH=${CMAKE_PREFIX_PATH}:/opt/ros/humble /usr/bin/cmake --build /home/ohheemin/gazebo_ws/src/tm12_gazebo_moveit/build/tm12_gazebo_moveit -- -j24 -l24
